<?xml version="1.0" encoding="UTF-8"?>
<testsuites>
  <testsuite name="ODBCTEST_schema_build" tests="13" failures="0" time="0" timestamp="2025-02-06T04:46:12">
    <testcase name="FUNCTION:db_object_status" classname="ODBCTEST.HTML_TO_UNISTR" time="0"/>
    <testcase name="INDEX:db_object_status" classname="ODBCTEST.SYS_IL0000075945C00002$$" time="0"/>
    <testcase name="INDEX:db_object_status" classname="ODBCTEST.UNISTR_LIST_ID1" time="0"/>
    <testcase name="INDEX:db_object_status" classname="ODBCTEST.UNISTR_LIST_UK1" time="0"/>
    <testcase name="INDEX:db_object_status" classname="ODBCTEST.UNISTR_LIST_UK2" time="0"/>
    <testcase name="INDEX:db_object_status" classname="ODBCTEST.UNISTR_LIST_UK3" time="0"/>
    <testcase name="JAVA CLASS:db_object_status" classname="ODBCTEST.DirUtil" time="0"/>
    <testcase name="JAVA SOURCE:db_object_status" classname="ODBCTEST.DirUtil" time="0"/>
    <testcase name="LOB:db_object_status" classname="ODBCTEST.SYS_LOB0000075945C00002$$" time="0"/>
    <testcase name="PACKAGE:db_object_status" classname="ODBCTEST.DIR_UTIL" time="0"/>
    <testcase name="PACKAGE BODY:db_object_status" classname="ODBCTEST.DIR_UTIL" time="0"/>
    <testcase name="TABLE:db_object_status" classname="ODBCTEST.UNISTR_CLOBS" time="0"/>
    <testcase name="TABLE:db_object_status" classname="ODBCTEST.UNISTR_LIST" time="0"/>
   </testsuite>
</testsuites>
