<?xml version="1.0" encoding="UTF-8"?>
<testsuites>
  <testsuite name="install_grbtjva.log" tests="4" errors="0" hostname="EE213CDB" id="2" time="1" timestamp="2025-02-06T04:47:21">
    <testcase name="./installation_finalize.sql" assertions="" classname="..sql" status="PASS" time="">
    </testcase>
    <testcase name="./installation_prepare.sql" assertions="16" classname="..sql" status="PASS" time="0">
      <system-out>
=== DBI Started: ./installation_prepare.sql
Create Temp Publicly Updateable Table
Table created.
Grant succeeded.
Synonym created.
Check for Prerequisite BUILD_TYPEs
Prerequisite BUILD_TYPEs for &quot;grbtjva&quot;
WARNING: Prerequisite BUILD_TYPE &quot;grbendp&quot; not found in ODBCAPTURE_INSTALLATION_LOGS table.
 -) &quot;grbjava&quot; last loaded on 06-Feb-2025 04:45:50
 -) &quot;grbras&quot; last loaded on 06-Feb-2025 04:45:46
 -) &quot;grbsdo&quot; last loaded on 06-Feb-2025 04:45:55
 -) &quot;grbsrc&quot; last loaded on 06-Feb-2025 04:45:40
 -) &quot;grbtst&quot; last loaded on 06-Feb-2025 04:46:53
 -) &quot;grbxrep&quot; last loaded on 06-Feb-2025 04:46:00
PL/SQL procedure successfully completed.
=== DBI Completed at 2025-02-06T04:47:08 for a duration of .12 seconds (started at 2025-02-06T04:47:08)
      </system-out>
    </testcase>
    <testcase name="ODBCTEST/DIR_UTIL.pkbsql" assertions="3" classname="ODBCTEST.pkbsql" status="PASS" time="0">
      <system-out>
=== DBI Started: ODBCTEST/DIR_UTIL.pkbsql
Package body created.
=== DBI Completed at 2025-02-06T04:47:09 for a duration of .09 seconds (started at 2025-02-06T04:47:09)
      </system-out>
    </testcase>
    <testcase name="ODBCTEST/DIR_UTIL.pkssql" assertions="3" classname="ODBCTEST.pkssql" status="PASS" time="0">
      <system-out>
=== DBI Started: ODBCTEST/DIR_UTIL.pkssql
Package created.
=== DBI Completed at 2025-02-06T04:47:08 for a duration of .04 seconds (started at 2025-02-06T04:47:08)
      </system-out>
    </testcase>
    <testcase name="ODBCTEST/DirUtil.pjv" assertions="3" classname="ODBCTEST.pjv" status="PASS" time="1">
      <system-out>
=== DBI Started: ODBCTEST/DirUtil.pjv
Java created.
=== DBI Completed at 2025-02-06T04:47:09 for a duration of 1 seconds (started at 2025-02-06T04:47:08)
      </system-out>
    </testcase>
  </testsuite>
  <testsuite name="install_sys.log" tests="1" errors="0" hostname="EE213CDB" id="1" time="14" timestamp="2025-02-06T04:47:21">
    <testcase name="SYS/ODBCTEST_usr.sgrnt" assertions="5" classname="SYS.sgrnt" status="PASS" time="14">
      <system-out>
=== DBI Started: SYS/ODBCTEST_usr.sgrnt
PL/SQL procedure successfully completed.
PL/SQL procedure successfully completed.
PL/SQL procedure successfully completed.
=== DBI Completed at 2025-02-06T04:47:08 for a duration of 14.44 seconds (started at 2025-02-06T04:46:54)
      </system-out>
    </testcase>
  </testsuite>
  <testsuite name="install_system.log" tests="1" errors="0" hostname="EE213CDB" id="3" time="0" timestamp="2025-02-06T04:47:21">
    <testcase name="SYSTEM/ODBCTEST_usr.grnt" assertions="3" classname="SYSTEM.grnt" status="PASS" time="0">
      <system-out>
=== DBI Started: SYSTEM/ODBCTEST_usr.grnt
Grant succeeded.
=== DBI Completed at 2025-02-06T04:47:08 for a duration of .04 seconds (started at 2025-02-06T04:47:08)
      </system-out>
    </testcase>
  </testsuite>
</testsuites>
