<?xml version="1.0" encoding="UTF-8"?>
<testsuites>
  <testsuite name="install_grbtsdo.log" tests="4" errors="0" hostname="EE213CDB" id="3" time="2" timestamp="2025-02-06T04:47:35">
    <testcase name="./installation_finalize.sql" assertions="" classname="..sql" status="PASS" time="">
    </testcase>
    <testcase name="./installation_prepare.sql" assertions="16" classname="..sql" status="PASS" time="0">
      <system-out>
=== DBI Started: ./installation_prepare.sql
Create Temp Publicly Updateable Table
Table created.
Grant succeeded.
Synonym created.
Check for Prerequisite BUILD_TYPEs
Prerequisite BUILD_TYPEs for &quot;grbtsdo&quot;
WARNING: Prerequisite BUILD_TYPE &quot;grbendp&quot; not found in ODBCAPTURE_INSTALLATION_LOGS table.
 -) &quot;grbjava&quot; last loaded on 06-Feb-2025 04:45:50
 -) &quot;grbras&quot; last loaded on 06-Feb-2025 04:45:46
 -) &quot;grbsdo&quot; last loaded on 06-Feb-2025 04:45:55
 -) &quot;grbsrc&quot; last loaded on 06-Feb-2025 04:45:40
 -) &quot;grbtst&quot; last loaded on 06-Feb-2025 04:46:53
 -) &quot;grbxrep&quot; last loaded on 06-Feb-2025 04:46:00
PL/SQL procedure successfully completed.
=== DBI Completed at 2025-02-06T04:47:27 for a duration of .11 seconds (started at 2025-02-06T04:47:27)
      </system-out>
    </testcase>
    <testcase name="ODBCTEST/SDO_COLA_MARKETS.cldr" assertions="6" classname="ODBCTEST.cldr" status="PASS" time="2">
      <system-out>
=== DBI Started: ODBCTEST/SDO_COLA_MARKETS.cldr
Disable Triggers and Foreign Keys
PL/SQL procedure successfully completed.
sqlldr_control=ODBCTEST/SDO_COLA_MARKETS.ctl
PL/SQL procedure successfully completed.
=== DBI Completed at 2025-02-06T04:47:30 for a duration of 2.13 seconds (started at 2025-02-06T04:47:28)
      </system-out>
    </testcase>
    <testcase name="ODBCTEST/SDO_COLA_MARKETS.tbl" assertions="4" classname="ODBCTEST.tbl" status="PASS" time="0">
      <system-out>
=== DBI Started: ODBCTEST/SDO_COLA_MARKETS.tbl
Table created.
Table altered.
=== DBI Completed at 2025-02-06T04:47:28 for a duration of .37 seconds (started at 2025-02-06T04:47:27)
      </system-out>
    </testcase>
    <testcase name="ODBCTEST/SDO_COLA_MARKETS.tidx" assertions="2" classname="ODBCTEST.tidx" status="PASS" time="0">
      <system-out>
=== DBI Started: ODBCTEST/SDO_COLA_MARKETS.tidx
=== DBI Completed at 2025-02-06T04:47:30 for a duration of .01 seconds (started at 2025-02-06T04:47:30)
      </system-out>
    </testcase>
  </testsuite>
  <testsuite name="install_sys.log" tests="0" errors="0" hostname="EE213CDB" id="1" time="0" timestamp="2025-02-06T04:47:35">
  </testsuite>
  <testsuite name="install_system.log" tests="0" errors="0" hostname="EE213CDB" id="2" time="0" timestamp="2025-02-06T04:47:35">
  </testsuite>
</testsuites>
