<?xml version="1.0" encoding="UTF-8"?>
<testsuites>
  <testsuite name="install_grbtsdo.log" tests="4" errors="0" hostname="EE213CDB" id="3" time="3" timestamp="2024-08-20T22:27:03">
    <testcase name="./installation_finalize.sql" assertions="" classname="..sql" status="PASS" time="">
    </testcase>
    <testcase name="./installation_prepare.sql" assertions="25" classname="..sql" status="PASS" time="0">
      <system-out>
=== DBI Started: ./installation_prepare.sql

Create Temp Publicly Updateable Table

Table created.


Grant succeeded.


Synonym created.


Check for Prerequisite BUILD_TYPEs
Prerequisite BUILD_TYPEs for &quot;grbtsdo&quot;
WARNING: Prerequisite BUILD_TYPE &quot;grbendp&quot; not found in ODBCAPTURE_INSTALLATION_LOGS table.
 -) &quot;grbjava&quot; last loaded on 20-Aug-2024 22:25:30
 -) &quot;grbras&quot; last loaded on 20-Aug-2024 22:25:21
 -) &quot;grbsdo&quot; last loaded on 20-Aug-2024 22:25:37
 -) &quot;grbsrc&quot; last loaded on 20-Aug-2024 22:25:12
 -) &quot;grbtst&quot; last loaded on 20-Aug-2024 22:26:15

PL/SQL procedure successfully completed.

=== DBI Completed at 2024-08-20T22:26:53 for a duration of .2 seconds (started at 2024-08-20T22:26:53)
      </system-out>
    </testcase>
    <testcase name="ODBCTEST/SDO_COLA_MARKETS.cldr" assertions="13" classname="ODBCTEST.cldr" status="PASS" time="3">
      <system-out>
=== DBI Started: ODBCTEST/SDO_COLA_MARKETS.cldr

Disable Triggers and Foreign Keys

PL/SQL procedure successfully completed.


sqlldr_control=ODBCTEST/SDO_COLA_MARKETS.ctl


PL/SQL procedure successfully completed.

=== DBI Completed at 2024-08-20T22:26:56 for a duration of 2.83 seconds (started at 2024-08-20T22:26:53)
      </system-out>
    </testcase>
    <testcase name="ODBCTEST/SDO_COLA_MARKETS.tbl" assertions="8" classname="ODBCTEST.tbl" status="PASS" time="0">
      <system-out>
=== DBI Started: ODBCTEST/SDO_COLA_MARKETS.tbl

Table created.


Table altered.

=== DBI Completed at 2024-08-20T22:26:53 for a duration of .22 seconds (started at 2024-08-20T22:26:53)
      </system-out>
    </testcase>
    <testcase name="ODBCTEST/SDO_COLA_MARKETS.tidx" assertions="2" classname="ODBCTEST.tidx" status="PASS" time="0">
      <system-out>
=== DBI Started: ODBCTEST/SDO_COLA_MARKETS.tidx
=== DBI Completed at 2024-08-20T22:26:56 for a duration of .04 seconds (started at 2024-08-20T22:26:56)
      </system-out>
    </testcase>
  </testsuite>
  <testsuite name="install_sys.log" tests="0" errors="0" hostname="EE213CDB" id="1" time="0" timestamp="2024-08-20T22:27:03">
  </testsuite>
  <testsuite name="install_system.log" tests="0" errors="0" hostname="EE213CDB" id="2" time="0" timestamp="2024-08-20T22:27:03">
  </testsuite>
</testsuites>
