<?xml version="1.0" encoding="UTF-8"?>
<testsuites>
  <testsuite name="install_grbtdat.log" tests="3" errors="0" hostname="XE" id="2" time="5" timestamp="2024-12-21T10:07:01">
    <testcase name="./installation_finalize.sql" assertions="" classname="..sql" status="PASS" time="">
    </testcase>
    <testcase name="./installation_prepare.sql" assertions="31" classname="..sql" status="PASS" time="1">
      <system-out>
=== DBI Started: ./installation_prepare.sql

Create Temp Publicly Updateable Table

Table created.


Grant succeeded.


Synonym created.


Check for Prerequisite BUILD_TYPEs
Prerequisite BUILD_TYPEs for &quot;grbtdat&quot;
WARNING: Prerequisite BUILD_TYPE &quot;grbendp&quot; not found in ODBCAPTURE_INSTALLATION_LOGS table.
 -) &quot;grbjava&quot; last loaded on 21-Dec-2024 10:04:14
 -) &quot;grbras&quot; last loaded on 21-Dec-2024 10:04:04
 -) &quot;grbsdo&quot; last loaded on 21-Dec-2024 10:04:22
 -) &quot;grbsrc&quot; last loaded on 21-Dec-2024 10:03:51
 -) &quot;grbtctx&quot; last loaded on 21-Dec-2024 10:06:45
WARNING: Prerequisite BUILD_TYPE &quot;grbtend&quot; not found in ODBCAPTURE_INSTALLATION_LOGS table.
WARNING: Prerequisite BUILD_TYPE &quot;grbtjsn&quot; not found in ODBCAPTURE_INSTALLATION_LOGS table.
 -) &quot;grbtjva&quot; last loaded on 21-Dec-2024 10:05:42
 -) &quot;grbtsdo&quot; last loaded on 21-Dec-2024 10:06:12
 -) &quot;grbtst&quot; last loaded on 21-Dec-2024 10:04:59
 -) &quot;grbxrep&quot; last loaded on 21-Dec-2024 10:04:31

PL/SQL procedure successfully completed.

=== DBI Completed at 2024-12-21T10:06:49 for a duration of .5 seconds (started at 2024-12-21T10:06:48)
      </system-out>
    </testcase>
    <testcase name="ODBCAPTURE/DLOAD_CONF.cldr" assertions="15" classname="ODBCAPTURE.cldr" status="PASS" time="3">
      <system-out>
=== DBI Started: ODBCAPTURE/DLOAD_CONF.cldr

Disable Triggers and Foreign Keys
alter table &quot;ODBCAPTURE&quot;.&quot;DLOAD_CONF&quot; DISABLE constraint &quot;DLOAD_CONF_FK1&quot;;
alter table &quot;ODBCAPTURE&quot;.&quot;DLOAD_CONF&quot; DISABLE constraint &quot;DLOAD_CONF_FK2&quot;;

PL/SQL procedure successfully completed.


sqlldr_control=ODBCAPTURE/DLOAD_CONF.ctl


PL/SQL procedure successfully completed.

=== DBI Completed at 2024-12-21T10:06:52 for a duration of 2.84 seconds (started at 2024-12-21T10:06:49)
      </system-out>
    </testcase>
    <testcase name="ODBCAPTURE/OBJECT_CONF.cldr" assertions="16" classname="ODBCAPTURE.cldr" status="PASS" time="1">
      <system-out>
=== DBI Started: ODBCAPTURE/OBJECT_CONF.cldr

Disable Triggers and Foreign Keys
alter table &quot;ODBCAPTURE&quot;.&quot;OBJECT_CONF&quot; DISABLE constraint &quot;OBJECT_CONF_FK1&quot;;
alter table &quot;ODBCAPTURE&quot;.&quot;OBJECT_CONF&quot; DISABLE constraint &quot;OBJECT_CONF_FK2&quot;;
alter table &quot;ODBCAPTURE&quot;.&quot;OBJECT_CONF&quot; DISABLE constraint &quot;OBJECT_CONF_FK3&quot;;

PL/SQL procedure successfully completed.


sqlldr_control=ODBCAPTURE/OBJECT_CONF.ctl


PL/SQL procedure successfully completed.

=== DBI Completed at 2024-12-21T10:06:53 for a duration of 1.49 seconds (started at 2024-12-21T10:06:52)
      </system-out>
    </testcase>
  </testsuite>
  <testsuite name="install_sys.log" tests="0" errors="0" hostname="XE" id="3" time="0" timestamp="2024-12-21T10:07:01">
  </testsuite>
  <testsuite name="install_system.log" tests="0" errors="0" hostname="XE" id="1" time="0" timestamp="2024-12-21T10:07:01">
  </testsuite>
</testsuites>
