<?xml version="1.0" encoding="UTF-8"?>
<testsuites>
  <testsuite name="install_grbtjsn.log" tests="3" errors="0" hostname="EE213CDB" id="3" time="3" timestamp="2025-01-07T03:24:50">
    <testcase name="./installation_finalize.sql" assertions="" classname="..sql" status="PASS" time="">
    </testcase>
    <testcase name="./installation_prepare.sql" assertions="26" classname="..sql" status="PASS" time="0">
      <system-out>
=== DBI Started: ./installation_prepare.sql

Create Temp Publicly Updateable Table

Table created.


Grant succeeded.


Synonym created.


Check for Prerequisite BUILD_TYPEs
Prerequisite BUILD_TYPEs for &quot;grbtjsn&quot;
WARNING: Prerequisite BUILD_TYPE &quot;grbendp&quot; not found in ODBCAPTURE_INSTALLATION_LOGS table.
 -) &quot;grbjava&quot; last loaded on 07-Jan-2025 03:23:14
 -) &quot;grbras&quot; last loaded on 07-Jan-2025 03:23:04
 -) &quot;grbsdo&quot; last loaded on 07-Jan-2025 03:23:25
 -) &quot;grbsrc&quot; last loaded on 07-Jan-2025 03:22:50
 -) &quot;grbtst&quot; last loaded on 07-Jan-2025 03:24:10
 -) &quot;grbxrep&quot; last loaded on 07-Jan-2025 03:23:35

PL/SQL procedure successfully completed.

=== DBI Completed at 2025-01-07T03:24:43 for a duration of .23 seconds (started at 2025-01-07T03:24:42)
      </system-out>
    </testcase>
    <testcase name="ODBCAPTURE/GRBTST_JSON.cldr" assertions="13" classname="ODBCAPTURE.cldr" status="PASS" time="3">
      <system-out>
=== DBI Started: ODBCAPTURE/GRBTST_JSON.cldr

Disable Triggers and Foreign Keys

PL/SQL procedure successfully completed.


sqlldr_control=ODBCAPTURE/GRBTST_JSON.ctl


PL/SQL procedure successfully completed.

=== DBI Completed at 2025-01-07T03:24:46 for a duration of 3.4 seconds (started at 2025-01-07T03:24:43)
      </system-out>
    </testcase>
    <testcase name="ODBCAPTURE/GRBTST_JSON.tbl" assertions="8" classname="ODBCAPTURE.tbl" status="PASS" time="0">
      <system-out>
=== DBI Started: ODBCAPTURE/GRBTST_JSON.tbl

Table created.


Table altered.

=== DBI Completed at 2025-01-07T03:24:43 for a duration of .15 seconds (started at 2025-01-07T03:24:43)
      </system-out>
    </testcase>
  </testsuite>
  <testsuite name="install_sys.log" tests="0" errors="0" hostname="EE213CDB" id="1" time="0" timestamp="2025-01-07T03:24:50">
  </testsuite>
  <testsuite name="install_system.log" tests="0" errors="0" hostname="EE213CDB" id="2" time="0" timestamp="2025-01-07T03:24:50">
  </testsuite>
</testsuites>
