<?xml version="1.0" encoding="UTF-8"?>
<testsuites>
  <testsuite name="install_grbtctx.log" tests="4" errors="0" hostname="SE213CDB" id="3" time="7" timestamp="2025-01-18T16:35:19">
    <testcase name="./installation_finalize.sql" assertions="" classname="..sql" status="PASS" time="">
    </testcase>
    <testcase name="./installation_prepare.sql" assertions="16" classname="..sql" status="PASS" time="0">
      <system-out>
=== DBI Started: ./installation_prepare.sql
Create Temp Publicly Updateable Table
Table created.
Grant succeeded.
Synonym created.
Check for Prerequisite BUILD_TYPEs
Prerequisite BUILD_TYPEs for &quot;grbtctx&quot;
WARNING: Prerequisite BUILD_TYPE &quot;grbendp&quot; not found in ODBCAPTURE_INSTALLATION_LOGS table.
 -) &quot;grbjava&quot; last loaded on 18-Jan-2025 16:34:20
WARNING: Prerequisite BUILD_TYPE &quot;grbras&quot; not found in ODBCAPTURE_INSTALLATION_LOGS table.
 -) &quot;grbsdo&quot; last loaded on 18-Jan-2025 16:34:24
 -) &quot;grbsrc&quot; last loaded on 18-Jan-2025 16:34:17
 -) &quot;grbtst&quot; last loaded on 18-Jan-2025 16:34:41
 -) &quot;grbxrep&quot; last loaded on 18-Jan-2025 16:34:26
PL/SQL procedure successfully completed.
=== DBI Completed at 2025-01-18T16:35:10 for a duration of .1 seconds (started at 2025-01-18T16:35:10)
      </system-out>
    </testcase>
    <testcase name="ODBCTEST/CUST_CTX_TEST.cldr" assertions="6" classname="ODBCTEST.cldr" status="PASS" time="2">
      <system-out>
=== DBI Started: ODBCTEST/CUST_CTX_TEST.cldr
Disable Triggers and Foreign Keys
PL/SQL procedure successfully completed.
sqlldr_control=ODBCTEST/CUST_CTX_TEST.ctl
PL/SQL procedure successfully completed.
=== DBI Completed at 2025-01-18T16:35:12 for a duration of 1.69 seconds (started at 2025-01-18T16:35:10)
      </system-out>
    </testcase>
    <testcase name="ODBCTEST/CUST_CTX_TEST.tbl" assertions="3" classname="ODBCTEST.tbl" status="PASS" time="0">
      <system-out>
=== DBI Started: ODBCTEST/CUST_CTX_TEST.tbl
Table created.
=== DBI Completed at 2025-01-18T16:35:10 for a duration of .04 seconds (started at 2025-01-18T16:35:10)
      </system-out>
    </testcase>
    <testcase name="ODBCTEST/CUST_CTX_TEST.tidx" assertions="3" classname="ODBCTEST.tidx" status="PASS" time="5">
      <system-out>
=== DBI Started: ODBCTEST/CUST_CTX_TEST.tidx
Index created.
=== DBI Completed at 2025-01-18T16:35:17 for a duration of 4.76 seconds (started at 2025-01-18T16:35:12)
      </system-out>
    </testcase>
  </testsuite>
  <testsuite name="install_sys.log" tests="0" errors="0" hostname="SE213CDB" id="1" time="0" timestamp="2025-01-18T16:35:19">
  </testsuite>
  <testsuite name="install_system.log" tests="0" errors="0" hostname="SE213CDB" id="2" time="0" timestamp="2025-01-18T16:35:19">
  </testsuite>
</testsuites>
