<?xml version="1.0" encoding="UTF-8"?>
<testsuites>
  <testsuite name="ODBCTEST_schema_build" tests="11" failures="0" time="0" timestamp="2025-01-18T16:09:19">
    <testcase name="INDEX:db_object_status" classname="ODBCTEST.COLA_SPATIAL_IDX" time="0"/>
    <testcase name="INDEX:db_object_status" classname="ODBCTEST.SYS_C0014427" time="0"/>
    <testcase name="INDEX:db_object_status" classname="ODBCTEST.SYS_IL0000094702C00010$$" time="0"/>
    <testcase name="INDEX:db_object_status" classname="ODBCTEST.SYS_IL0000094702C00011$$" time="0"/>
    <testcase name="INDEX:db_object_status" classname="ODBCTEST.SYS_IL0000094716C00003$$" time="0"/>
    <testcase name="LOB:db_object_status" classname="ODBCTEST.SYS_LOB0000094702C00010$$" time="0"/>
    <testcase name="LOB:db_object_status" classname="ODBCTEST.SYS_LOB0000094702C00011$$" time="0"/>
    <testcase name="LOB:db_object_status" classname="ODBCTEST.SYS_LOB0000094716C00003$$" time="0"/>
    <testcase name="SEQUENCE:db_object_status" classname="ODBCTEST.MDRS_171FB$" time="0"/>
    <testcase name="TABLE:db_object_status" classname="ODBCTEST.MDRT_171FB$" time="0"/>
    <testcase name="TABLE:db_object_status" classname="ODBCTEST.SDO_COLA_MARKETS" time="0"/>
   </testsuite>
</testsuites>
