<?xml version="1.0" encoding="UTF-8"?>
<testsuites>
  <testsuite name="install_grbjava.log" tests="5" errors="0" hostname="XE" id="3" time="0" timestamp="2025-01-18T01:04:51">
    <testcase name="./installation_finalize.sql" assertions="" classname="..sql" status="PASS" time="">
    </testcase>
    <testcase name="./installation_prepare.sql" assertions="20" classname="..sql" status="PASS" time="0">
      <system-out>
=== DBI Started: ./installation_prepare.sql

Create Temp Publicly Updateable Table

Table created.


Grant succeeded.


Synonym created.


Check for Prerequisite BUILD_TYPEs
Prerequisite BUILD_TYPEs for &quot;grbjava&quot;
 -) &quot;grbsrc&quot; last loaded on 18-Jan-2025 01:04:32

PL/SQL procedure successfully completed.

=== DBI Completed at 2025-01-18T01:04:47 for a duration of .11 seconds (started at 2025-01-18T01:04:47)
      </system-out>
    </testcase>
    <testcase name="ODBCAPTURE/GRAB_JAVA.pkbsql" assertions="5" classname="ODBCAPTURE.pkbsql" status="PASS" time="0">
      <system-out>
=== DBI Started: ODBCAPTURE/GRAB_JAVA.pkbsql

Package body created.

=== DBI Completed at 2025-01-18T01:04:48 for a duration of .15 seconds (started at 2025-01-18T01:04:48)
      </system-out>
    </testcase>
    <testcase name="ODBCAPTURE/GRAB_JAVA.pkssql" assertions="5" classname="ODBCAPTURE.pkssql" status="PASS" time="0">
      <system-out>
=== DBI Started: ODBCAPTURE/GRAB_JAVA.pkssql

Package created.

=== DBI Completed at 2025-01-18T01:04:47 for a duration of .06 seconds (started at 2025-01-18T01:04:47)
      </system-out>
    </testcase>
    <testcase name="ODBCAPTURE/PRIV_OBJ_JAVA_FG_VIEW.vw" assertions="8" classname="ODBCAPTURE.vw" status="PASS" time="0">
      <system-out>
=== DBI Started: ODBCAPTURE/PRIV_OBJ_JAVA_FG_VIEW.vw

View created.


View created.

=== DBI Completed at 2025-01-18T01:04:48 for a duration of .07 seconds (started at 2025-01-18T01:04:48)
      </system-out>
    </testcase>
    <testcase name="ODBCAPTURE/PRIV_SYSOBJ_JAVA_FG_VIEW.vw" assertions="8" classname="ODBCAPTURE.vw" status="PASS" time="0">
      <system-out>
=== DBI Started: ODBCAPTURE/PRIV_SYSOBJ_JAVA_FG_VIEW.vw

View created.


View created.

=== DBI Completed at 2025-01-18T01:04:48 for a duration of .08 seconds (started at 2025-01-18T01:04:48)
      </system-out>
    </testcase>
    <system-out>
(ODBCAPTURE/GRAB_JAVA.pkssql) Compile All started
(ODBCAPTURE/GRAB_JAVA.pkssql) 
(ODBCAPTURE/GRAB_JAVA.pkssql) PL/SQL procedure successfully completed.
(ODBCAPTURE/GRAB_JAVA.pkssql) 
(ODBCAPTURE/GRAB_JAVA.pkssql) Compile All is done.
    </system-out>
  </testsuite>
  <testsuite name="install_sys.log" tests="1" errors="0" hostname="XE" id="1" time="0" timestamp="2025-01-18T01:04:51">
    <testcase name="SYS/ODBCAPTURE_usr.sgrnt" assertions="8" classname="SYS.sgrnt" status="PASS" time="0">
      <system-out>
=== DBI Started: SYS/ODBCAPTURE_usr.sgrnt

Grant succeeded.


Grant succeeded.

=== DBI Completed at 2025-01-18T01:04:47 for a duration of .07 seconds (started at 2025-01-18T01:04:46)
      </system-out>
    </testcase>
  </testsuite>
  <testsuite name="install_system.log" tests="1" errors="0" hostname="XE" id="2" time="0" timestamp="2025-01-18T01:04:51">
    <testcase name="SYSTEM/ODBCAPTURE_usr.grnt" assertions="5" classname="SYSTEM.grnt" status="PASS" time="0">
      <system-out>
=== DBI Started: SYSTEM/ODBCAPTURE_usr.grnt

Grant succeeded.

=== DBI Completed at 2025-01-18T01:04:47 for a duration of .1 seconds (started at 2025-01-18T01:04:47)
      </system-out>
    </testcase>
  </testsuite>
</testsuites>
