<?xml version="1.0" encoding="UTF-8"?>
<testsuites>
  <testsuite name="install_grbjava.log" tests="7" errors="0" hostname="XE" id="3" time="2" timestamp="2024-08-07T20:58:47">
    <testcase name="./installation_finalize.sql" assertions="" classname="..sql" status="PASS" time="">
    </testcase>
    <testcase name="./installation_prepare.sql" assertions="18" classname="..sql" status="PASS" time="0">
      <system-out>
=== DBI Started: ./installation_prepare.sql

Create Temp Publicly Updateable Table

Table created.


Grant succeeded.


Synonym created.


Check for Prerequisite BUILD_TYPEs

PL/SQL procedure successfully completed.

=== DBI Completed at 2024-08-07T20:58:42 for a duration of .08 seconds (started at 2024-08-07T20:58:42)
      </system-out>
    </testcase>
    <testcase name="ODBCAPTURE/GRAB_JAVA.pkbsql" assertions="5" classname="ODBCAPTURE.pkbsql" status="PASS" time="0">
      <system-out>
=== DBI Started: ODBCAPTURE/GRAB_JAVA.pkbsql

Package body created.

=== DBI Completed at 2024-08-07T20:58:43 for a duration of .14 seconds (started at 2024-08-07T20:58:43)
      </system-out>
    </testcase>
    <testcase name="ODBCAPTURE/GRAB_JAVA.pkssql" assertions="5" classname="ODBCAPTURE.pkssql" status="PASS" time="0">
      <system-out>
=== DBI Started: ODBCAPTURE/GRAB_JAVA.pkssql

Package created.

=== DBI Completed at 2024-08-07T20:58:42 for a duration of .05 seconds (started at 2024-08-07T20:58:42)
      </system-out>
    </testcase>
    <testcase name="ODBCAPTURE/PRIV_OBJ_JAVA_FG_VIEW.vw" assertions="8" classname="ODBCAPTURE.vw" status="PASS" time="0">
      <system-out>
=== DBI Started: ODBCAPTURE/PRIV_OBJ_JAVA_FG_VIEW.vw

View created.


View created.

=== DBI Completed at 2024-08-07T20:58:43 for a duration of .09 seconds (started at 2024-08-07T20:58:43)
      </system-out>
    </testcase>
    <testcase name="ODBCAPTURE/PRIV_SYSOBJ_JAVA_FG_VIEW.vw" assertions="8" classname="ODBCAPTURE.vw" status="PASS" time="0">
      <system-out>
=== DBI Started: ODBCAPTURE/PRIV_SYSOBJ_JAVA_FG_VIEW.vw

View created.


View created.

=== DBI Completed at 2024-08-07T20:58:43 for a duration of .06 seconds (started at 2024-08-07T20:58:43)
      </system-out>
    </testcase>
    <testcase name="ODBCAPTURE/ROLE_CONF.cldr" assertions="14" classname="ODBCAPTURE.cldr" status="PASS" time="1">
      <system-out>
=== DBI Started: ODBCAPTURE/ROLE_CONF.cldr

Disable Triggers and Foreign Keys
alter table &quot;ODBCAPTURE&quot;.&quot;ROLE_CONF&quot; DISABLE constraint &quot;ROLE_CONF_FK1&quot;;

PL/SQL procedure successfully completed.


sqlldr_control=ODBCAPTURE/ROLE_CONF.ctl


PL/SQL procedure successfully completed.

=== DBI Completed at 2024-08-07T20:58:42 for a duration of .76 seconds (started at 2024-08-07T20:58:42)
      </system-out>
    </testcase>
    <testcase name="ODBCAPTURE/SCHEMA_CONF.cldr" assertions="14" classname="ODBCAPTURE.cldr" status="PASS" time="1">
      <system-out>
=== DBI Started: ODBCAPTURE/SCHEMA_CONF.cldr

Disable Triggers and Foreign Keys
alter table &quot;ODBCAPTURE&quot;.&quot;SCHEMA_CONF&quot; DISABLE constraint &quot;SCHEMA_CONF_FK1&quot;;

PL/SQL procedure successfully completed.


sqlldr_control=ODBCAPTURE/SCHEMA_CONF.ctl


PL/SQL procedure successfully completed.

=== DBI Completed at 2024-08-07T20:58:43 for a duration of .66 seconds (started at 2024-08-07T20:58:42)
      </system-out>
    </testcase>
  </testsuite>
  <testsuite name="install_sys.log" tests="1" errors="0" hostname="XE" id="1" time="0" timestamp="2024-08-07T20:58:47">
    <testcase name="SYS/ODBCAPTURE_usr.sgrnt" assertions="8" classname="SYS.sgrnt" status="PASS" time="0">
      <system-out>
=== DBI Started: SYS/ODBCAPTURE_usr.sgrnt

Grant succeeded.


Grant succeeded.

=== DBI Completed at 2024-08-07T20:58:41 for a duration of .1 seconds (started at 2024-08-07T20:58:41)
      </system-out>
    </testcase>
  </testsuite>
  <testsuite name="install_system.log" tests="1" errors="0" hostname="XE" id="2" time="0" timestamp="2024-08-07T20:58:47">
    <testcase name="SYSTEM/ODBCAPTURE_usr.grnt" assertions="5" classname="SYSTEM.grnt" status="PASS" time="0">
      <system-out>
=== DBI Started: SYSTEM/ODBCAPTURE_usr.grnt

Grant succeeded.

=== DBI Completed at 2024-08-07T20:58:42 for a duration of .08 seconds (started at 2024-08-07T20:58:41)
      </system-out>
    </testcase>
  </testsuite>
</testsuites>
