<?xml version="1.0" encoding="UTF-8"?>
<testsuites>
  <testsuite name="install_grbras.log" tests="5" errors="0" hostname="EE213CDB" id="3" time="0" timestamp="2025-01-23T06:31:46">
    <testcase name="./installation_finalize.sql" assertions="" classname="..sql" status="PASS" time="">
    </testcase>
    <testcase name="./installation_prepare.sql" assertions="20" classname="..sql" status="PASS" time="0">
      <system-out>
=== DBI Started: ./installation_prepare.sql

Create Temp Publicly Updateable Table

Table created.


Grant succeeded.


Synonym created.


Check for Prerequisite BUILD_TYPEs
Prerequisite BUILD_TYPEs for &quot;grbras&quot;
 -) &quot;grbsrc&quot; last loaded on 23-Jan-2025 06:31:37

PL/SQL procedure successfully completed.

=== DBI Completed at 2025-01-23T06:31:41 for a duration of .15 seconds (started at 2025-01-23T06:31:41)
      </system-out>
    </testcase>
    <testcase name="ODBCAPTURE/EXPORTING_RAS_DATA.tbl" assertions="20" classname="ODBCAPTURE.tbl" status="PASS" time="0">
      <system-out>
=== DBI Started: ODBCAPTURE/EXPORTING_RAS_DATA.tbl

Table created.


Comment created.


Comment created.


Comment created.


Comment created.


Comment created.

=== DBI Completed at 2025-01-23T06:31:41 for a duration of .19 seconds (started at 2025-01-23T06:31:41)
      </system-out>
    </testcase>
    <testcase name="ODBCAPTURE/GRAB_RAS.pkbsql" assertions="5" classname="ODBCAPTURE.pkbsql" status="PASS" time="0">
      <system-out>
=== DBI Started: ODBCAPTURE/GRAB_RAS.pkbsql

Package body created.

=== DBI Completed at 2025-01-23T06:31:43 for a duration of .39 seconds (started at 2025-01-23T06:31:42)
      </system-out>
    </testcase>
    <testcase name="ODBCAPTURE/GRAB_RAS.pkssql" assertions="5" classname="ODBCAPTURE.pkssql" status="PASS" time="0">
      <system-out>
=== DBI Started: ODBCAPTURE/GRAB_RAS.pkssql

Package created.

=== DBI Completed at 2025-01-23T06:31:41 for a duration of .05 seconds (started at 2025-01-23T06:31:41)
      </system-out>
    </testcase>
    <testcase name="ODBCAPTURE/PRIV_OBJ_RACL_VIEW.vw" assertions="8" classname="ODBCAPTURE.vw" status="PASS" time="0">
      <system-out>
=== DBI Started: ODBCAPTURE/PRIV_OBJ_RACL_VIEW.vw

View created.


View created.

=== DBI Completed at 2025-01-23T06:31:42 for a duration of .13 seconds (started at 2025-01-23T06:31:42)
      </system-out>
    </testcase>
    <system-out>
(ODBCAPTURE/EXPORTING_RAS_DATA.tbl) Compile All started
(ODBCAPTURE/EXPORTING_RAS_DATA.tbl) 
(ODBCAPTURE/EXPORTING_RAS_DATA.tbl) PL/SQL procedure successfully completed.
(ODBCAPTURE/EXPORTING_RAS_DATA.tbl) 
(ODBCAPTURE/EXPORTING_RAS_DATA.tbl) Compile All is done.
    </system-out>
  </testsuite>
  <testsuite name="install_sys.log" tests="1" errors="0" hostname="EE213CDB" id="1" time="0" timestamp="2025-01-23T06:31:46">
    <testcase name="SYS/ODBCAPTURE_usr.sgrnt" assertions="20" classname="SYS.sgrnt" status="PASS" time="0">
      <system-out>
=== DBI Started: SYS/ODBCAPTURE_usr.sgrnt

Grant succeeded.


Grant succeeded.


Grant succeeded.


Grant succeeded.


Grant succeeded.


Grant succeeded.

=== DBI Completed at 2025-01-23T06:31:41 for a duration of .28 seconds (started at 2025-01-23T06:31:40)
      </system-out>
    </testcase>
  </testsuite>
  <testsuite name="install_system.log" tests="0" errors="0" hostname="EE213CDB" id="2" time="0" timestamp="2025-01-23T06:31:46">
  </testsuite>
</testsuites>
