<?xml version="1.0" encoding="UTF-8"?>
<testsuites>
  <testsuite name="ODBCTEST_schema_build" tests="44" failures="0" time="0" timestamp="2025-02-06T04:46:12">
    <testcase name="FUNCTION:db_object_status" classname="ODBCTEST.HTML_TO_UNISTR" time="0"/>
    <testcase name="INDEX:db_object_status" classname="ODBCTEST.COLA_SPATIAL_IDX" time="0"/>
    <testcase name="INDEX:db_object_status" classname="ODBCTEST.CUST_CTX_TEST_IND" time="0"/>
    <testcase name="INDEX:db_object_status" classname="ODBCTEST.DR$CUST_CTX_TEST_IND$H" time="0"/>
    <testcase name="INDEX:db_object_status" classname="ODBCTEST.DR$CUST_CTX_TEST_IND$KD" time="0"/>
    <testcase name="INDEX:db_object_status" classname="ODBCTEST.DR$CUST_CTX_TEST_IND$KR" time="0"/>
    <testcase name="INDEX:db_object_status" classname="ODBCTEST.DR$CUST_CTX_TEST_IND$NI" time="0"/>
    <testcase name="INDEX:db_object_status" classname="ODBCTEST.DR$CUST_CTX_TEST_IND$UI" time="0"/>
    <testcase name="INDEX:db_object_status" classname="ODBCTEST.DR$CUST_CTX_TEST_IND$X" time="0"/>
    <testcase name="INDEX:db_object_status" classname="ODBCTEST.SYS_C008294" time="0"/>
    <testcase name="INDEX:db_object_status" classname="ODBCTEST.SYS_IL0000075945C00002$$" time="0"/>
    <testcase name="INDEX:db_object_status" classname="ODBCTEST.SYS_IL0000075998C00010$$" time="0"/>
    <testcase name="INDEX:db_object_status" classname="ODBCTEST.SYS_IL0000075998C00011$$" time="0"/>
    <testcase name="INDEX:db_object_status" classname="ODBCTEST.SYS_IL0000076012C00003$$" time="0"/>
    <testcase name="INDEX:db_object_status" classname="ODBCTEST.SYS_IL0000076022C00006$$" time="0"/>
    <testcase name="INDEX:db_object_status" classname="ODBCTEST.SYS_IL0000076031C00006$$" time="0"/>
    <testcase name="INDEX:db_object_status" classname="ODBCTEST.UNISTR_LIST_ID1" time="0"/>
    <testcase name="INDEX:db_object_status" classname="ODBCTEST.UNISTR_LIST_UK1" time="0"/>
    <testcase name="INDEX:db_object_status" classname="ODBCTEST.UNISTR_LIST_UK2" time="0"/>
    <testcase name="INDEX:db_object_status" classname="ODBCTEST.UNISTR_LIST_UK3" time="0"/>
    <testcase name="JAVA CLASS:db_object_status" classname="ODBCTEST.DirUtil" time="0"/>
    <testcase name="JAVA SOURCE:db_object_status" classname="ODBCTEST.DirUtil" time="0"/>
    <testcase name="LOB:db_object_status" classname="ODBCTEST.SYS_LOB0000075945C00002$$" time="0"/>
    <testcase name="LOB:db_object_status" classname="ODBCTEST.SYS_LOB0000075998C00010$$" time="0"/>
    <testcase name="LOB:db_object_status" classname="ODBCTEST.SYS_LOB0000075998C00011$$" time="0"/>
    <testcase name="LOB:db_object_status" classname="ODBCTEST.SYS_LOB0000076012C00003$$" time="0"/>
    <testcase name="LOB:db_object_status" classname="ODBCTEST.SYS_LOB0000076022C00006$$" time="0"/>
    <testcase name="LOB:db_object_status" classname="ODBCTEST.SYS_LOB0000076031C00006$$" time="0"/>
    <testcase name="PACKAGE:db_object_status" classname="ODBCTEST.DIR_UTIL" time="0"/>
    <testcase name="PACKAGE BODY:db_object_status" classname="ODBCTEST.DIR_UTIL" time="0"/>
    <testcase name="SEQUENCE:db_object_status" classname="ODBCTEST.MDRS_128EB$" time="0"/>
    <testcase name="TABLE:db_object_status" classname="ODBCTEST.CUST_CTX_TEST" time="0"/>
    <testcase name="TABLE:db_object_status" classname="ODBCTEST.DR$CUST_CTX_TEST_IND$B" time="0"/>
    <testcase name="TABLE:db_object_status" classname="ODBCTEST.DR$CUST_CTX_TEST_IND$C" time="0"/>
    <testcase name="TABLE:db_object_status" classname="ODBCTEST.DR$CUST_CTX_TEST_IND$G" time="0"/>
    <testcase name="TABLE:db_object_status" classname="ODBCTEST.DR$CUST_CTX_TEST_IND$I" time="0"/>
    <testcase name="TABLE:db_object_status" classname="ODBCTEST.DR$CUST_CTX_TEST_IND$K" time="0"/>
    <testcase name="TABLE:db_object_status" classname="ODBCTEST.DR$CUST_CTX_TEST_IND$N" time="0"/>
    <testcase name="TABLE:db_object_status" classname="ODBCTEST.DR$CUST_CTX_TEST_IND$Q" time="0"/>
    <testcase name="TABLE:db_object_status" classname="ODBCTEST.DR$CUST_CTX_TEST_IND$U" time="0"/>
    <testcase name="TABLE:db_object_status" classname="ODBCTEST.MDRT_128EB$" time="0"/>
    <testcase name="TABLE:db_object_status" classname="ODBCTEST.SDO_COLA_MARKETS" time="0"/>
    <testcase name="TABLE:db_object_status" classname="ODBCTEST.UNISTR_CLOBS" time="0"/>
    <testcase name="TABLE:db_object_status" classname="ODBCTEST.UNISTR_LIST" time="0"/>
   </testsuite>
</testsuites>
