<?xml version="1.0" encoding="UTF-8"?>
<testsuites>
  <testsuite name="install_grbtctx.log" tests="4" errors="0" hostname="EE213CDB" id="3" time="10" timestamp="2024-12-27T22:19:21">
    <testcase name="./installation_finalize.sql" assertions="" classname="..sql" status="PASS" time="">
    </testcase>
    <testcase name="./installation_prepare.sql" assertions="25" classname="..sql" status="PASS" time="0">
      <system-out>
=== DBI Started: ./installation_prepare.sql

Create Temp Publicly Updateable Table

Table created.


Grant succeeded.


Synonym created.


Check for Prerequisite BUILD_TYPEs
Prerequisite BUILD_TYPEs for &quot;grbtctx&quot;
WARNING: Prerequisite BUILD_TYPE &quot;grbendp&quot; not found in ODBCAPTURE_INSTALLATION_LOGS table.
 -) &quot;grbjava&quot; last loaded on 27-Dec-2024 22:17:42
 -) &quot;grbras&quot; last loaded on 27-Dec-2024 22:17:34
 -) &quot;grbsdo&quot; last loaded on 27-Dec-2024 22:17:51
 -) &quot;grbsrc&quot; last loaded on 27-Dec-2024 22:17:25
 -) &quot;grbtst&quot; last loaded on 27-Dec-2024 22:18:21

PL/SQL procedure successfully completed.

=== DBI Completed at 2024-12-27T22:19:07 for a duration of .17 seconds (started at 2024-12-27T22:19:07)
      </system-out>
    </testcase>
    <testcase name="ODBCTEST/CUST_CTX_TEST.cldr" assertions="13" classname="ODBCTEST.cldr" status="PASS" time="3">
      <system-out>
=== DBI Started: ODBCTEST/CUST_CTX_TEST.cldr

Disable Triggers and Foreign Keys

PL/SQL procedure successfully completed.


sqlldr_control=ODBCTEST/CUST_CTX_TEST.ctl


PL/SQL procedure successfully completed.

=== DBI Completed at 2024-12-27T22:19:10 for a duration of 3.01 seconds (started at 2024-12-27T22:19:07)
      </system-out>
    </testcase>
    <testcase name="ODBCTEST/CUST_CTX_TEST.tbl" assertions="5" classname="ODBCTEST.tbl" status="PASS" time="0">
      <system-out>
=== DBI Started: ODBCTEST/CUST_CTX_TEST.tbl

Table created.

=== DBI Completed at 2024-12-27T22:19:07 for a duration of .21 seconds (started at 2024-12-27T22:19:07)
      </system-out>
    </testcase>
    <testcase name="ODBCTEST/CUST_CTX_TEST.tidx" assertions="5" classname="ODBCTEST.tidx" status="PASS" time="7">
      <system-out>
=== DBI Started: ODBCTEST/CUST_CTX_TEST.tidx

Index created.

=== DBI Completed at 2024-12-27T22:19:17 for a duration of 7.18 seconds (started at 2024-12-27T22:19:10)
      </system-out>
    </testcase>
  </testsuite>
  <testsuite name="install_sys.log" tests="0" errors="0" hostname="EE213CDB" id="1" time="0" timestamp="2024-12-27T22:19:21">
  </testsuite>
  <testsuite name="install_system.log" tests="0" errors="0" hostname="EE213CDB" id="2" time="0" timestamp="2024-12-27T22:19:21">
  </testsuite>
</testsuites>
