<?xml version="1.0" encoding="UTF-8"?>
<testsuites>
  <testsuite name="install_grbtst.log" tests="12" errors="0" hostname="EE213CDB" id="2" time="34" timestamp="2025-02-06T04:46:53">
    <testcase name="./installation_finalize.sql" assertions="" classname="..sql" status="PASS" time="">
    </testcase>
    <testcase name="./installation_prepare.sql" assertions="15" classname="..sql" status="PASS" time="0">
      <system-out>
=== DBI Started: ./installation_prepare.sql
Create Temp Publicly Updateable Table
Table created.
Grant succeeded.
Synonym created.
Check for Prerequisite BUILD_TYPEs
Prerequisite BUILD_TYPEs for &quot;grbtst&quot;
WARNING: Prerequisite BUILD_TYPE &quot;grbendp&quot; not found in ODBCAPTURE_INSTALLATION_LOGS table.
 -) &quot;grbjava&quot; last loaded on 06-Feb-2025 04:45:50
 -) &quot;grbras&quot; last loaded on 06-Feb-2025 04:45:46
 -) &quot;grbsdo&quot; last loaded on 06-Feb-2025 04:45:55
 -) &quot;grbsrc&quot; last loaded on 06-Feb-2025 04:45:40
 -) &quot;grbxrep&quot; last loaded on 06-Feb-2025 04:46:00
PL/SQL procedure successfully completed.
=== DBI Completed at 2025-02-06T04:46:12 for a duration of .11 seconds (started at 2025-02-06T04:46:12)
      </system-out>
    </testcase>
    <testcase name="ODBCAPTURE/GRBTST_IMAGE.cldr" assertions="11" classname="ODBCAPTURE.cldr" status="PASS" time="3">
      <system-out>
=== DBI Started: ODBCAPTURE/GRBTST_IMAGE.cldr
Disable Triggers and Foreign Keys
PL/SQL procedure successfully completed.
sqlldr_control=ODBCAPTURE/GRBTST_IMAGE.ctl
PL/SQL procedure successfully completed.
Decode Binary Data
------------------
2 &quot;IMAGE&quot; updates.
PL/SQL procedure successfully completed.
Commit complete.
=== DBI Completed at 2025-02-06T04:46:17 for a duration of 2.59 seconds (started at 2025-02-06T04:46:14)
      </system-out>
    </testcase>
    <testcase name="ODBCAPTURE/GRBTST_IMAGE.tbl" assertions="3" classname="ODBCAPTURE.tbl" status="PASS" time="0">
      <system-out>
=== DBI Started: ODBCAPTURE/GRBTST_IMAGE.tbl
Table created.
=== DBI Completed at 2025-02-06T04:46:12 for a duration of .05 seconds (started at 2025-02-06T04:46:12)
      </system-out>
    </testcase>
    <testcase name="ODBCAPTURE/GRBTST__NAME.cldr" assertions="6" classname="ODBCAPTURE.cldr" status="PASS" time="2">
      <system-out>
=== DBI Started: ODBCAPTURE/GRBTST__NAME.cldr
Disable Triggers and Foreign Keys
PL/SQL procedure successfully completed.
sqlldr_control=ODBCAPTURE/GRBTST__NAME.ctl
PL/SQL procedure successfully completed.
=== DBI Completed at 2025-02-06T04:46:14 for a duration of 1.73 seconds (started at 2025-02-06T04:46:12)
      </system-out>
    </testcase>
    <testcase name="ODBCAPTURE/GRBTST__NAME.tbl" assertions="7" classname="ODBCAPTURE.tbl" status="PASS" time="0">
      <system-out>
=== DBI Started: ODBCAPTURE/GRBTST__NAME.tbl
Table created.
Grant succeeded.
Grant succeeded.
Grant succeeded.
Grant succeeded.
=== DBI Completed at 2025-02-06T04:46:12 for a duration of .11 seconds (started at 2025-02-06T04:46:12)
      </system-out>
    </testcase>
    <testcase name="ODBCAPTURE/TSPACE_CONF.cldr" assertions="7" classname="ODBCAPTURE.cldr" status="PASS" time="0">
      <system-out>
=== DBI Started: ODBCAPTURE/TSPACE_CONF.cldr
Disable Triggers and Foreign Keys
alter table &quot;ODBCAPTURE&quot;.&quot;TSPACE_CONF&quot; DISABLE constraint &quot;TSPACE_CONF_FK1&quot;;
PL/SQL procedure successfully completed.
sqlldr_control=ODBCAPTURE/TSPACE_CONF.ctl
PL/SQL procedure successfully completed.
=== DBI Completed at 2025-02-06T04:46:17 for a duration of .32 seconds (started at 2025-02-06T04:46:17)
      </system-out>
    </testcase>
    <testcase name="ODBCTEST/HTML_TO_UNISTR.func" assertions="3" classname="ODBCTEST.func" status="PASS" time="0">
      <system-out>
=== DBI Started: ODBCTEST/HTML_TO_UNISTR.func
Function created.
=== DBI Completed at 2025-02-06T04:46:12 for a duration of .06 seconds (started at 2025-02-06T04:46:12)
      </system-out>
    </testcase>
    <testcase name="ODBCTEST/UNISTR_CLOBS.cldr" assertions="11" classname="ODBCTEST.cldr" status="PASS" time="9">
      <system-out>
=== DBI Started: ODBCTEST/UNISTR_CLOBS.cldr
Disable Triggers and Foreign Keys
PL/SQL procedure successfully completed.
sqlldr_control=ODBCTEST/UNISTR_CLOBS.ctl
PL/SQL procedure successfully completed.
Decode UNISTR Data
------------------
7 &quot;UNISTR_CLOBS&quot; updates.
PL/SQL procedure successfully completed.
Commit complete.
=== DBI Completed at 2025-02-06T04:46:26 for a duration of 9.12 seconds (started at 2025-02-06T04:46:17)
      </system-out>
    </testcase>
    <testcase name="ODBCTEST/UNISTR_CLOBS.tbl" assertions="3" classname="ODBCTEST.tbl" status="PASS" time="0">
      <system-out>
=== DBI Started: ODBCTEST/UNISTR_CLOBS.tbl
Table created.
=== DBI Completed at 2025-02-06T04:46:12 for a duration of .43 seconds (started at 2025-02-06T04:46:12)
      </system-out>
    </testcase>
    <testcase name="ODBCTEST/UNISTR_LIST.cldr" assertions="6" classname="ODBCTEST.cldr" status="PASS" time="9">
      <system-out>
=== DBI Started: ODBCTEST/UNISTR_LIST.cldr
Disable Triggers and Foreign Keys
PL/SQL procedure successfully completed.
sqlldr_control=ODBCTEST/UNISTR_LIST.ctl
PL/SQL procedure successfully completed.
=== DBI Completed at 2025-02-06T04:46:35 for a duration of 9.24 seconds (started at 2025-02-06T04:46:26)
      </system-out>
    </testcase>
    <testcase name="ODBCTEST/UNISTR_LIST.tbl" assertions="3" classname="ODBCTEST.tbl" status="PASS" time="0">
      <system-out>
=== DBI Started: ODBCTEST/UNISTR_LIST.tbl
Table created.
=== DBI Completed at 2025-02-06T04:46:12 for a duration of .04 seconds (started at 2025-02-06T04:46:12)
      </system-out>
    </testcase>
    <testcase name="ODBCTEST/UNISTR_LIST.tidx" assertions="6" classname="ODBCTEST.tidx" status="PASS" time="11">
      <system-out>
=== DBI Started: ODBCTEST/UNISTR_LIST.tidx
Index created.
Index created.
Index created.
Index created.
=== DBI Completed at 2025-02-06T04:46:46 for a duration of 10.91 seconds (started at 2025-02-06T04:46:35)
      </system-out>
    </testcase>
  </testsuite>
  <testsuite name="install_sys.log" tests="7" errors="0" hostname="EE213CDB" id="1" time="1" timestamp="2025-02-06T04:46:53">
    <testcase name="SYS/GRB_TEST_ROLE.role" assertions="3" classname="SYS.role" status="PASS" time="0">
      <system-out>
=== DBI Started: SYS/GRB_TEST_ROLE.role
Role created.
=== DBI Completed at 2025-02-06T04:46:10 for a duration of .04 seconds (started at 2025-02-06T04:46:10)
      </system-out>
    </testcase>
    <testcase name="SYS/ODBCTEST.user" assertions="11" classname="SYS.user" status="PASS" time="0">
      <system-out>
=== DBI Started: SYS/ODBCTEST.user
User created.
XS Admin Grant &quot;ADMIN_ANY_SEC_POLICY&quot; to &quot;ODBCTEST&quot;
PL/SQL procedure successfully completed.
XS Admin Cloud Grant &quot;ADMIN_ANY_SEC_POLICY&quot; to &quot;ODBCTEST&quot;
PL/SQL procedure successfully completed.
XS Admin Grant &quot;PROVISION&quot; to &quot;ODBCTEST&quot;
PL/SQL procedure successfully completed.
XS Admin Cloud Grant &quot;PROVISION&quot; to &quot;ODBCTEST&quot;
PL/SQL procedure successfully completed.
=== DBI Completed at 2025-02-06T04:46:11 for a duration of .18 seconds (started at 2025-02-06T04:46:10)
      </system-out>
    </testcase>
    <testcase name="SYS/_opt_install_files_oracle_wallet.wacl" assertions="3" classname="SYS.wacl" status="PASS" time="0">
      <system-out>
=== DBI Started: SYS/_opt_install_files_oracle_wallet.wacl
PL/SQL procedure successfully completed.
=== DBI Completed at 2025-02-06T04:46:11 for a duration of .05 seconds (started at 2025-02-06T04:46:11)
      </system-out>
    </testcase>
    <testcase name="SYS/_var_opt_install_files_oracle_wallet.wacl" assertions="3" classname="SYS.wacl" status="PASS" time="0">
      <system-out>
=== DBI Started: SYS/_var_opt_install_files_oracle_wallet.wacl
PL/SQL procedure successfully completed.
=== DBI Completed at 2025-02-06T04:46:11 for a duration of .03 seconds (started at 2025-02-06T04:46:11)
      </system-out>
    </testcase>
    <testcase name="SYS/host1.hacl" assertions="3" classname="SYS.hacl" status="PASS" time="1">
      <system-out>
=== DBI Started: SYS/host1.hacl
PL/SQL procedure successfully completed.
=== DBI Completed at 2025-02-06T04:46:11 for a duration of .64 seconds (started at 2025-02-06T04:46:11)
      </system-out>
    </testcase>
    <testcase name="SYS/host2.hacl" assertions="4" classname="SYS.hacl" status="PASS" time="0">
      <system-out>
=== DBI Started: SYS/host2.hacl
PL/SQL procedure successfully completed.
PL/SQL procedure successfully completed.
=== DBI Completed at 2025-02-06T04:46:11 for a duration of .14 seconds (started at 2025-02-06T04:46:11)
      </system-out>
    </testcase>
    <testcase name="SYS/odbctest_host.hacl" assertions="3" classname="SYS.hacl" status="PASS" time="0">
      <system-out>
=== DBI Started: SYS/odbctest_host.hacl
PL/SQL procedure successfully completed.
=== DBI Completed at 2025-02-06T04:46:11 for a duration of .06 seconds (started at 2025-02-06T04:46:11)
      </system-out>
    </testcase>
  </testsuite>
  <testsuite name="install_system.log" tests="1" errors="0" hostname="EE213CDB" id="3" time="0" timestamp="2025-02-06T04:46:53">
    <testcase name="SYSTEM/ODBCTEST_usr.grnt" assertions="7" classname="SYSTEM.grnt" status="PASS" time="0">
      <system-out>
=== DBI Started: SYSTEM/ODBCTEST_usr.grnt
Grant succeeded.
Grant succeeded.
Grant succeeded.
Grant succeeded.
Grant succeeded.
=== DBI Completed at 2025-02-06T04:46:12 for a duration of .09 seconds (started at 2025-02-06T04:46:12)
      </system-out>
    </testcase>
  </testsuite>
</testsuites>
