<?xml version="1.0" encoding="UTF-8"?>
<testsuites>
  <testsuite name="install_grbtst.log" tests="10" errors="0" hostname="XE" id="1" time="7" timestamp="2024-12-21T10:04:59">
    <testcase name="./installation_finalize.sql" assertions="" classname="..sql" status="PASS" time="">
    </testcase>
    <testcase name="./installation_prepare.sql" assertions="25" classname="..sql" status="PASS" time="0">
      <system-out>
=== DBI Started: ./installation_prepare.sql

Create Temp Publicly Updateable Table

Table created.


Grant succeeded.


Synonym created.


Check for Prerequisite BUILD_TYPEs
Prerequisite BUILD_TYPEs for &quot;grbtst&quot;
WARNING: Prerequisite BUILD_TYPE &quot;grbendp&quot; not found in ODBCAPTURE_INSTALLATION_LOGS table.
 -) &quot;grbjava&quot; last loaded on 21-Dec-2024 10:04:14
 -) &quot;grbras&quot; last loaded on 21-Dec-2024 10:04:04
 -) &quot;grbsdo&quot; last loaded on 21-Dec-2024 10:04:22
 -) &quot;grbsrc&quot; last loaded on 21-Dec-2024 10:03:51
 -) &quot;grbxrep&quot; last loaded on 21-Dec-2024 10:04:31

PL/SQL procedure successfully completed.

=== DBI Completed at 2024-12-21T10:04:45 for a duration of .11 seconds (started at 2024-12-21T10:04:45)
      </system-out>
    </testcase>
    <testcase name="ODBCAPTURE/BUILD_CONF.cldr" assertions="13" classname="ODBCAPTURE.cldr" status="PASS" time="1">
      <system-out>
=== DBI Started: ODBCAPTURE/BUILD_CONF.cldr

Disable Triggers and Foreign Keys

PL/SQL procedure successfully completed.


sqlldr_control=ODBCAPTURE/BUILD_CONF.ctl


PL/SQL procedure successfully completed.

=== DBI Completed at 2024-12-21T10:04:46 for a duration of 1.18 seconds (started at 2024-12-21T10:04:45)
      </system-out>
    </testcase>
    <testcase name="ODBCAPTURE/BUILD_PATH.cldr" assertions="15" classname="ODBCAPTURE.cldr" status="PASS" time="1">
      <system-out>
=== DBI Started: ODBCAPTURE/BUILD_PATH.cldr

Disable Triggers and Foreign Keys
alter table &quot;ODBCAPTURE&quot;.&quot;BUILD_PATH&quot; DISABLE constraint &quot;BUILD_PATH_FK1&quot;;
alter table &quot;ODBCAPTURE&quot;.&quot;BUILD_PATH&quot; DISABLE constraint &quot;BUILD_PATH_FK2&quot;;

PL/SQL procedure successfully completed.


sqlldr_control=ODBCAPTURE/BUILD_PATH.ctl


PL/SQL procedure successfully completed.

=== DBI Completed at 2024-12-21T10:04:47 for a duration of 1.29 seconds (started at 2024-12-21T10:04:46)
      </system-out>
    </testcase>
    <testcase name="ODBCAPTURE/GRBTST_IMAGE.cldr" assertions="22" classname="ODBCAPTURE.cldr" status="PASS" time="2">
      <system-out>
=== DBI Started: ODBCAPTURE/GRBTST_IMAGE.cldr

Disable Triggers and Foreign Keys

PL/SQL procedure successfully completed.


sqlldr_control=ODBCAPTURE/GRBTST_IMAGE.ctl


PL/SQL procedure successfully completed.

Decode Binary Data
------------------
2 &quot;IMAGE&quot; updates.

PL/SQL procedure successfully completed.


Commit complete.

=== DBI Completed at 2024-12-21T10:04:51 for a duration of 1.69 seconds (started at 2024-12-21T10:04:49)
      </system-out>
    </testcase>
    <testcase name="ODBCAPTURE/GRBTST_IMAGE.tbl" assertions="5" classname="ODBCAPTURE.tbl" status="PASS" time="0">
      <system-out>
=== DBI Started: ODBCAPTURE/GRBTST_IMAGE.tbl

Table created.

=== DBI Completed at 2024-12-21T10:04:45 for a duration of .04 seconds (started at 2024-12-21T10:04:45)
      </system-out>
    </testcase>
    <testcase name="ODBCAPTURE/GRBTST__NAME.cldr" assertions="13" classname="ODBCAPTURE.cldr" status="PASS" time="2">
      <system-out>
=== DBI Started: ODBCAPTURE/GRBTST__NAME.cldr

Disable Triggers and Foreign Keys

PL/SQL procedure successfully completed.


sqlldr_control=ODBCAPTURE/GRBTST__NAME.ctl


PL/SQL procedure successfully completed.

=== DBI Completed at 2024-12-21T10:04:49 for a duration of 1.66 seconds (started at 2024-12-21T10:04:47)
      </system-out>
    </testcase>
    <testcase name="ODBCAPTURE/GRBTST__NAME.tbl" assertions="17" classname="ODBCAPTURE.tbl" status="PASS" time="0">
      <system-out>
=== DBI Started: ODBCAPTURE/GRBTST__NAME.tbl

Table created.


Grant succeeded.


Grant succeeded.


Grant succeeded.


Grant succeeded.

=== DBI Completed at 2024-12-21T10:04:45 for a duration of .11 seconds (started at 2024-12-21T10:04:45)
      </system-out>
    </testcase>
    <testcase name="ODBCAPTURE/ROLE_CONF.cldr" assertions="14" classname="ODBCAPTURE.cldr" status="PASS" time="0">
      <system-out>
=== DBI Started: ODBCAPTURE/ROLE_CONF.cldr

Disable Triggers and Foreign Keys
alter table &quot;ODBCAPTURE&quot;.&quot;ROLE_CONF&quot; DISABLE constraint &quot;ROLE_CONF_FK1&quot;;

PL/SQL procedure successfully completed.


sqlldr_control=ODBCAPTURE/ROLE_CONF.ctl


PL/SQL procedure successfully completed.

=== DBI Completed at 2024-12-21T10:04:51 for a duration of .44 seconds (started at 2024-12-21T10:04:51)
      </system-out>
    </testcase>
    <testcase name="ODBCAPTURE/SCHEMA_CONF.cldr" assertions="14" classname="ODBCAPTURE.cldr" status="PASS" time="0">
      <system-out>
=== DBI Started: ODBCAPTURE/SCHEMA_CONF.cldr

Disable Triggers and Foreign Keys
alter table &quot;ODBCAPTURE&quot;.&quot;SCHEMA_CONF&quot; DISABLE constraint &quot;SCHEMA_CONF_FK1&quot;;

PL/SQL procedure successfully completed.


sqlldr_control=ODBCAPTURE/SCHEMA_CONF.ctl


PL/SQL procedure successfully completed.

=== DBI Completed at 2024-12-21T10:04:52 for a duration of .45 seconds (started at 2024-12-21T10:04:51)
      </system-out>
    </testcase>
    <testcase name="ODBCAPTURE/TSPACE_CONF.cldr" assertions="14" classname="ODBCAPTURE.cldr" status="PASS" time="1">
      <system-out>
=== DBI Started: ODBCAPTURE/TSPACE_CONF.cldr

Disable Triggers and Foreign Keys
alter table &quot;ODBCAPTURE&quot;.&quot;TSPACE_CONF&quot; DISABLE constraint &quot;TSPACE_CONF_FK1&quot;;

PL/SQL procedure successfully completed.


sqlldr_control=ODBCAPTURE/TSPACE_CONF.ctl


PL/SQL procedure successfully completed.

=== DBI Completed at 2024-12-21T10:04:53 for a duration of 1.13 seconds (started at 2024-12-21T10:04:52)
      </system-out>
    </testcase>
  </testsuite>
  <testsuite name="install_sys.log" tests="7" errors="0" hostname="XE" id="2" time="0" timestamp="2024-12-21T10:04:59">
    <testcase name="SYS/GRB_TEST_ROLE.role" assertions="5" classname="SYS.role" status="PASS" time="0">
      <system-out>
=== DBI Started: SYS/GRB_TEST_ROLE.role

Role created.

=== DBI Completed at 2024-12-21T10:04:43 for a duration of .25 seconds (started at 2024-12-21T10:04:43)
      </system-out>
    </testcase>
    <testcase name="SYS/ODBCTEST.user" assertions="21" classname="SYS.user" status="PASS" time="0">
      <system-out>
=== DBI Started: SYS/ODBCTEST.user

User created.

XS Admin Grant &quot;ADMIN_ANY_SEC_POLICY&quot; to &quot;ODBCTEST&quot;

PL/SQL procedure successfully completed.

XS Admin Cloud Grant &quot;ADMIN_ANY_SEC_POLICY&quot; to &quot;ODBCTEST&quot;

PL/SQL procedure successfully completed.

XS Admin Grant &quot;PROVISION&quot; to &quot;ODBCTEST&quot;

PL/SQL procedure successfully completed.

XS Admin Cloud Grant &quot;PROVISION&quot; to &quot;ODBCTEST&quot;

PL/SQL procedure successfully completed.

=== DBI Completed at 2024-12-21T10:04:44 for a duration of .19 seconds (started at 2024-12-21T10:04:43)
      </system-out>
    </testcase>
    <testcase name="SYS/_opt_install_files_oracle_wallet.wacl" assertions="5" classname="SYS.wacl" status="PASS" time="0">
      <system-out>
=== DBI Started: SYS/_opt_install_files_oracle_wallet.wacl

PL/SQL procedure successfully completed.

=== DBI Completed at 2024-12-21T10:04:44 for a duration of .06 seconds (started at 2024-12-21T10:04:44)
      </system-out>
    </testcase>
    <testcase name="SYS/_var_opt_install_files_oracle_wallet.wacl" assertions="5" classname="SYS.wacl" status="PASS" time="0">
      <system-out>
=== DBI Started: SYS/_var_opt_install_files_oracle_wallet.wacl

PL/SQL procedure successfully completed.

=== DBI Completed at 2024-12-21T10:04:44 for a duration of .05 seconds (started at 2024-12-21T10:04:44)
      </system-out>
    </testcase>
    <testcase name="SYS/host1.hacl" assertions="5" classname="SYS.hacl" status="PASS" time="0">
      <system-out>
=== DBI Started: SYS/host1.hacl

PL/SQL procedure successfully completed.

=== DBI Completed at 2024-12-21T10:04:44 for a duration of .3 seconds (started at 2024-12-21T10:04:44)
      </system-out>
    </testcase>
    <testcase name="SYS/host2.hacl" assertions="8" classname="SYS.hacl" status="PASS" time="0">
      <system-out>
=== DBI Started: SYS/host2.hacl

PL/SQL procedure successfully completed.


PL/SQL procedure successfully completed.

=== DBI Completed at 2024-12-21T10:04:44 for a duration of .11 seconds (started at 2024-12-21T10:04:44)
      </system-out>
    </testcase>
    <testcase name="SYS/odbctest_host.hacl" assertions="5" classname="SYS.hacl" status="PASS" time="0">
      <system-out>
=== DBI Started: SYS/odbctest_host.hacl

PL/SQL procedure successfully completed.

=== DBI Completed at 2024-12-21T10:04:44 for a duration of .1 seconds (started at 2024-12-21T10:04:44)
      </system-out>
    </testcase>
  </testsuite>
  <testsuite name="install_system.log" tests="1" errors="0" hostname="XE" id="3" time="0" timestamp="2024-12-21T10:04:59">
    <testcase name="SYSTEM/ODBCTEST_usr.grnt" assertions="17" classname="SYSTEM.grnt" status="PASS" time="0">
      <system-out>
=== DBI Started: SYSTEM/ODBCTEST_usr.grnt

Grant succeeded.


Grant succeeded.


Grant succeeded.


Grant succeeded.


Grant succeeded.

=== DBI Completed at 2024-12-21T10:04:45 for a duration of .12 seconds (started at 2024-12-21T10:04:44)
      </system-out>
    </testcase>
  </testsuite>
</testsuites>
