<?xml version="1.0" encoding="UTF-8"?>
<testsuites>
  <testsuite name="install_grbtst.log" tests="6" errors="0" hostname="POD1" id="2" time="7" timestamp="2025-01-18T16:09:09">
    <testcase name="./installation_finalize.sql" assertions="" classname="..sql" status="PASS" time="">
    </testcase>
    <testcase name="./installation_prepare.sql" assertions="25" classname="..sql" status="PASS" time="0">
      <system-out>
=== DBI Started: ./installation_prepare.sql

Create Temp Publicly Updateable Table

Table created.


Grant succeeded.


Synonym created.


Check for Prerequisite BUILD_TYPEs
Prerequisite BUILD_TYPEs for &quot;grbtst&quot;
WARNING: Prerequisite BUILD_TYPE &quot;grbendp&quot; not found in ODBCAPTURE_INSTALLATION_LOGS table.
WARNING: Prerequisite BUILD_TYPE &quot;grbjava&quot; not found in ODBCAPTURE_INSTALLATION_LOGS table.
 -) &quot;grbras&quot; last loaded on 18-Jan-2025 16:08:31
 -) &quot;grbsdo&quot; last loaded on 18-Jan-2025 16:08:39
 -) &quot;grbsrc&quot; last loaded on 18-Jan-2025 16:08:20
WARNING: Prerequisite BUILD_TYPE &quot;grbxrep&quot; not found in ODBCAPTURE_INSTALLATION_LOGS table.

PL/SQL procedure successfully completed.

=== DBI Completed at 2025-01-18T16:08:54 for a duration of .14 seconds (started at 2025-01-18T16:08:53)
      </system-out>
    </testcase>
    <testcase name="ODBCAPTURE/GRBTST_IMAGE.cldr" assertions="22" classname="ODBCAPTURE.cldr" status="PASS" time="4">
      <system-out>
=== DBI Started: ODBCAPTURE/GRBTST_IMAGE.cldr

Disable Triggers and Foreign Keys

PL/SQL procedure successfully completed.


sqlldr_control=ODBCAPTURE/GRBTST_IMAGE.ctl


PL/SQL procedure successfully completed.

Decode Binary Data
------------------
2 &quot;IMAGE&quot; updates.

PL/SQL procedure successfully completed.


Commit complete.

=== DBI Completed at 2025-01-18T16:09:01 for a duration of 4.34 seconds (started at 2025-01-18T16:08:57)
      </system-out>
    </testcase>
    <testcase name="ODBCAPTURE/GRBTST_IMAGE.tbl" assertions="5" classname="ODBCAPTURE.tbl" status="PASS" time="0">
      <system-out>
=== DBI Started: ODBCAPTURE/GRBTST_IMAGE.tbl

Table created.

=== DBI Completed at 2025-01-18T16:08:54 for a duration of .05 seconds (started at 2025-01-18T16:08:54)
      </system-out>
    </testcase>
    <testcase name="ODBCAPTURE/GRBTST__NAME.cldr" assertions="13" classname="ODBCAPTURE.cldr" status="PASS" time="3">
      <system-out>
=== DBI Started: ODBCAPTURE/GRBTST__NAME.cldr

Disable Triggers and Foreign Keys

PL/SQL procedure successfully completed.


sqlldr_control=ODBCAPTURE/GRBTST__NAME.ctl


PL/SQL procedure successfully completed.

=== DBI Completed at 2025-01-18T16:08:57 for a duration of 2.87 seconds (started at 2025-01-18T16:08:54)
      </system-out>
    </testcase>
    <testcase name="ODBCAPTURE/GRBTST__NAME.tbl" assertions="17" classname="ODBCAPTURE.tbl" status="PASS" time="0">
      <system-out>
=== DBI Started: ODBCAPTURE/GRBTST__NAME.tbl

Table created.


Grant succeeded.


Grant succeeded.


Grant succeeded.


Grant succeeded.

=== DBI Completed at 2025-01-18T16:08:54 for a duration of .2 seconds (started at 2025-01-18T16:08:54)
      </system-out>
    </testcase>
    <testcase name="ODBCAPTURE/TSPACE_CONF.cldr" assertions="14" classname="ODBCAPTURE.cldr" status="PASS" time="0">
      <system-out>
=== DBI Started: ODBCAPTURE/TSPACE_CONF.cldr

Disable Triggers and Foreign Keys
alter table &quot;ODBCAPTURE&quot;.&quot;TSPACE_CONF&quot; DISABLE constraint &quot;TSPACE_CONF_FK1&quot;;

PL/SQL procedure successfully completed.


sqlldr_control=ODBCAPTURE/TSPACE_CONF.ctl


PL/SQL procedure successfully completed.

=== DBI Completed at 2025-01-18T16:09:01 for a duration of .36 seconds (started at 2025-01-18T16:09:01)
      </system-out>
    </testcase>
  </testsuite>
  <testsuite name="install_sys.log" tests="7" errors="0" hostname="POD1" id="1" time="0" timestamp="2025-01-18T16:09:09">
    <testcase name="SYS/GRB_TEST_ROLE.role" assertions="5" classname="SYS.role" status="PASS" time="0">
      <system-out>
=== DBI Started: SYS/GRB_TEST_ROLE.role

Role created.

=== DBI Completed at 2025-01-18T16:08:53 for a duration of .06 seconds (started at 2025-01-18T16:08:53)
      </system-out>
    </testcase>
    <testcase name="SYS/ODBCTEST.user" assertions="21" classname="SYS.user" status="PASS" time="0">
      <system-out>
=== DBI Started: SYS/ODBCTEST.user

User created.

XS Admin Grant &quot;ADMIN_ANY_SEC_POLICY&quot; to &quot;ODBCTEST&quot;

PL/SQL procedure successfully completed.

XS Admin Cloud Grant &quot;ADMIN_ANY_SEC_POLICY&quot; to &quot;ODBCTEST&quot;

PL/SQL procedure successfully completed.

XS Admin Grant &quot;PROVISION&quot; to &quot;ODBCTEST&quot;

PL/SQL procedure successfully completed.

XS Admin Cloud Grant &quot;PROVISION&quot; to &quot;ODBCTEST&quot;

PL/SQL procedure successfully completed.

=== DBI Completed at 2025-01-18T16:08:53 for a duration of .21 seconds (started at 2025-01-18T16:08:53)
      </system-out>
    </testcase>
    <testcase name="SYS/_opt_install_files_oracle_wallet.wacl" assertions="5" classname="SYS.wacl" status="PASS" time="0">
      <system-out>
=== DBI Started: SYS/_opt_install_files_oracle_wallet.wacl

PL/SQL procedure successfully completed.

=== DBI Completed at 2025-01-18T16:08:53 for a duration of .04 seconds (started at 2025-01-18T16:08:53)
      </system-out>
    </testcase>
    <testcase name="SYS/_var_opt_install_files_oracle_wallet.wacl" assertions="5" classname="SYS.wacl" status="PASS" time="0">
      <system-out>
=== DBI Started: SYS/_var_opt_install_files_oracle_wallet.wacl

PL/SQL procedure successfully completed.

=== DBI Completed at 2025-01-18T16:08:53 for a duration of .02 seconds (started at 2025-01-18T16:08:53)
      </system-out>
    </testcase>
    <testcase name="SYS/host1.hacl" assertions="5" classname="SYS.hacl" status="PASS" time="0">
      <system-out>
=== DBI Started: SYS/host1.hacl

PL/SQL procedure successfully completed.

=== DBI Completed at 2025-01-18T16:08:53 for a duration of .19 seconds (started at 2025-01-18T16:08:53)
      </system-out>
    </testcase>
    <testcase name="SYS/host2.hacl" assertions="8" classname="SYS.hacl" status="PASS" time="0">
      <system-out>
=== DBI Started: SYS/host2.hacl

PL/SQL procedure successfully completed.


PL/SQL procedure successfully completed.

=== DBI Completed at 2025-01-18T16:08:53 for a duration of .07 seconds (started at 2025-01-18T16:08:53)
      </system-out>
    </testcase>
    <testcase name="SYS/odbctest_host.hacl" assertions="5" classname="SYS.hacl" status="PASS" time="0">
      <system-out>
=== DBI Started: SYS/odbctest_host.hacl

PL/SQL procedure successfully completed.

=== DBI Completed at 2025-01-18T16:08:53 for a duration of .05 seconds (started at 2025-01-18T16:08:53)
      </system-out>
    </testcase>
  </testsuite>
  <testsuite name="install_system.log" tests="1" errors="0" hostname="POD1" id="3" time="0" timestamp="2025-01-18T16:09:09">
    <testcase name="SYSTEM/ODBCTEST_usr.grnt" assertions="17" classname="SYSTEM.grnt" status="PASS" time="0">
      <system-out>
=== DBI Started: SYSTEM/ODBCTEST_usr.grnt

Grant succeeded.


Grant succeeded.


Grant succeeded.


Grant succeeded.


Grant succeeded.

=== DBI Completed at 2025-01-18T16:08:53 for a duration of .13 seconds (started at 2025-01-18T16:08:53)
      </system-out>
    </testcase>
  </testsuite>
</testsuites>
