<?xml version="1.0" encoding="UTF-8"?>
<testsuites>
  <testsuite name="install_grbtctx.log" tests="4" errors="0" hostname="XE" id="2" time="10" timestamp="2024-12-21T10:06:45">
    <testcase name="./installation_finalize.sql" assertions="" classname="..sql" status="PASS" time="">
    </testcase>
    <testcase name="./installation_prepare.sql" assertions="26" classname="..sql" status="PASS" time="1">
      <system-out>
=== DBI Started: ./installation_prepare.sql

Create Temp Publicly Updateable Table

Table created.


Grant succeeded.


Synonym created.


Check for Prerequisite BUILD_TYPEs
Prerequisite BUILD_TYPEs for &quot;grbtctx&quot;
WARNING: Prerequisite BUILD_TYPE &quot;grbendp&quot; not found in ODBCAPTURE_INSTALLATION_LOGS table.
 -) &quot;grbjava&quot; last loaded on 21-Dec-2024 10:04:14
 -) &quot;grbras&quot; last loaded on 21-Dec-2024 10:04:04
 -) &quot;grbsdo&quot; last loaded on 21-Dec-2024 10:04:22
 -) &quot;grbsrc&quot; last loaded on 21-Dec-2024 10:03:51
 -) &quot;grbtst&quot; last loaded on 21-Dec-2024 10:04:59
 -) &quot;grbxrep&quot; last loaded on 21-Dec-2024 10:04:31

PL/SQL procedure successfully completed.

=== DBI Completed at 2024-12-21T10:06:16 for a duration of .67 seconds (started at 2024-12-21T10:06:15)
      </system-out>
    </testcase>
    <testcase name="ODBCTEST/CUST_CTX_TEST.cldr" assertions="13" classname="ODBCTEST.cldr" status="PASS" time="3">
      <system-out>
=== DBI Started: ODBCTEST/CUST_CTX_TEST.cldr

Disable Triggers and Foreign Keys

PL/SQL procedure successfully completed.


sqlldr_control=ODBCTEST/CUST_CTX_TEST.ctl


PL/SQL procedure successfully completed.

=== DBI Completed at 2024-12-21T10:06:19 for a duration of 2.76 seconds (started at 2024-12-21T10:06:16)
      </system-out>
    </testcase>
    <testcase name="ODBCTEST/CUST_CTX_TEST.tbl" assertions="5" classname="ODBCTEST.tbl" status="PASS" time="0">
      <system-out>
=== DBI Started: ODBCTEST/CUST_CTX_TEST.tbl

Table created.

=== DBI Completed at 2024-12-21T10:06:16 for a duration of .08 seconds (started at 2024-12-21T10:06:16)
      </system-out>
    </testcase>
    <testcase name="ODBCTEST/CUST_CTX_TEST.tidx" assertions="5" classname="ODBCTEST.tidx" status="PASS" time="6">
      <system-out>
=== DBI Started: ODBCTEST/CUST_CTX_TEST.tidx

Index created.

=== DBI Completed at 2024-12-21T10:06:25 for a duration of 5.68 seconds (started at 2024-12-21T10:06:19)
      </system-out>
    </testcase>
  </testsuite>
  <testsuite name="install_sys.log" tests="0" errors="0" hostname="XE" id="3" time="0" timestamp="2024-12-21T10:06:45">
  </testsuite>
  <testsuite name="install_system.log" tests="0" errors="0" hostname="XE" id="1" time="0" timestamp="2024-12-21T10:06:45">
  </testsuite>
</testsuites>
