<?xml version="1.0" encoding="UTF-8"?>
<testsuites>
  <testsuite name="install_grbdat.log" tests="3" errors="0" hostname="EE213CDB" id="3" time="5" timestamp="2024-08-21T20:41:36">
    <testcase name="./installation_finalize.sql" assertions="" classname="..sql" status="PASS" time="">
    </testcase>
    <testcase name="./installation_prepare.sql" assertions="24" classname="..sql" status="PASS" time="0">
      <system-out>
=== DBI Started: ./installation_prepare.sql

Create Temp Publicly Updateable Table

Table created.


Grant succeeded.


Synonym created.


Check for Prerequisite BUILD_TYPEs
Prerequisite BUILD_TYPEs for &quot;grbdat&quot;
WARNING: Prerequisite BUILD_TYPE &quot;grbendp&quot; not found in ODBCAPTURE_INSTALLATION_LOGS table.
 -) &quot;grbjava&quot; last loaded on 21-Aug-2024 20:41:18
 -) &quot;grbras&quot; last loaded on 21-Aug-2024 20:41:10
 -) &quot;grbsdo&quot; last loaded on 21-Aug-2024 20:41:26
 -) &quot;grbsrc&quot; last loaded on 21-Aug-2024 20:41:01

PL/SQL procedure successfully completed.

=== DBI Completed at 2024-08-21T20:41:28 for a duration of .15 seconds (started at 2024-08-21T20:41:28)
      </system-out>
    </testcase>
    <testcase name="ODBCAPTURE/DLOAD_CONF.cldr" assertions="15" classname="ODBCAPTURE.cldr" status="PASS" time="3">
      <system-out>
=== DBI Started: ODBCAPTURE/DLOAD_CONF.cldr

Disable Triggers and Foreign Keys
alter table &quot;ODBCAPTURE&quot;.&quot;DLOAD_CONF&quot; DISABLE constraint &quot;DLOAD_CONF_FK1&quot;;
alter table &quot;ODBCAPTURE&quot;.&quot;DLOAD_CONF&quot; DISABLE constraint &quot;DLOAD_CONF_FK2&quot;;

PL/SQL procedure successfully completed.


sqlldr_control=ODBCAPTURE/DLOAD_CONF.ctl


PL/SQL procedure successfully completed.

=== DBI Completed at 2024-08-21T20:41:31 for a duration of 2.8 seconds (started at 2024-08-21T20:41:28)
      </system-out>
    </testcase>
    <testcase name="ODBCAPTURE/OBJECT_CONF.cldr" assertions="16" classname="ODBCAPTURE.cldr" status="PASS" time="2">
      <system-out>
=== DBI Started: ODBCAPTURE/OBJECT_CONF.cldr

Disable Triggers and Foreign Keys
alter table &quot;ODBCAPTURE&quot;.&quot;OBJECT_CONF&quot; DISABLE constraint &quot;OBJECT_CONF_FK1&quot;;
alter table &quot;ODBCAPTURE&quot;.&quot;OBJECT_CONF&quot; DISABLE constraint &quot;OBJECT_CONF_FK2&quot;;
alter table &quot;ODBCAPTURE&quot;.&quot;OBJECT_CONF&quot; DISABLE constraint &quot;OBJECT_CONF_FK3&quot;;

PL/SQL procedure successfully completed.


sqlldr_control=ODBCAPTURE/OBJECT_CONF.ctl


PL/SQL procedure successfully completed.

=== DBI Completed at 2024-08-21T20:41:32 for a duration of 1.68 seconds (started at 2024-08-21T20:41:31)
      </system-out>
    </testcase>
  </testsuite>
  <testsuite name="install_sys.log" tests="0" errors="0" hostname="EE213CDB" id="1" time="0" timestamp="2024-08-21T20:41:36">
  </testsuite>
  <testsuite name="install_system.log" tests="0" errors="0" hostname="EE213CDB" id="2" time="0" timestamp="2024-08-21T20:41:36">
  </testsuite>
</testsuites>
