<?xml version="1.0" encoding="UTF-8"?>
<testsuites>
  <testsuite name="install_grbsdo.log" tests="4" errors="0" hostname="XE" id="3" time="1" timestamp="2025-01-18T01:04:58">
    <testcase name="./installation_finalize.sql" assertions="" classname="..sql" status="PASS" time="">
    </testcase>
    <testcase name="./installation_prepare.sql" assertions="20" classname="..sql" status="PASS" time="0">
      <system-out>
=== DBI Started: ./installation_prepare.sql

Create Temp Publicly Updateable Table

Table created.


Grant succeeded.


Synonym created.


Check for Prerequisite BUILD_TYPEs
Prerequisite BUILD_TYPEs for &quot;grbsdo&quot;
 -) &quot;grbsrc&quot; last loaded on 18-Jan-2025 01:04:32

PL/SQL procedure successfully completed.

=== DBI Completed at 2025-01-18T01:04:54 for a duration of .14 seconds (started at 2025-01-18T01:04:54)
      </system-out>
    </testcase>
    <testcase name="ODBCAPTURE/GRAB_SDO.pkbsql" assertions="5" classname="ODBCAPTURE.pkbsql" status="PASS" time="0">
      <system-out>
=== DBI Started: ODBCAPTURE/GRAB_SDO.pkbsql

Package body created.

=== DBI Completed at 2025-01-18T01:04:56 for a duration of .21 seconds (started at 2025-01-18T01:04:55)
      </system-out>
    </testcase>
    <testcase name="ODBCAPTURE/GRAB_SDO.pkssql" assertions="5" classname="ODBCAPTURE.pkssql" status="PASS" time="0">
      <system-out>
=== DBI Started: ODBCAPTURE/GRAB_SDO.pkssql

Package created.

=== DBI Completed at 2025-01-18T01:04:54 for a duration of .12 seconds (started at 2025-01-18T01:04:54)
      </system-out>
    </testcase>
    <testcase name="ODBCAPTURE/USER_DEFINED_TYPE_CONF.cldr" assertions="13" classname="ODBCAPTURE.cldr" status="PASS" time="1">
      <system-out>
=== DBI Started: ODBCAPTURE/USER_DEFINED_TYPE_CONF.cldr

Disable Triggers and Foreign Keys

PL/SQL procedure successfully completed.


sqlldr_control=ODBCAPTURE/USER_DEFINED_TYPE_CONF.ctl


PL/SQL procedure successfully completed.

=== DBI Completed at 2025-01-18T01:04:55 for a duration of 1.36 seconds (started at 2025-01-18T01:04:54)
      </system-out>
    </testcase>
  </testsuite>
  <testsuite name="install_sys.log" tests="0" errors="0" hostname="XE" id="1" time="0" timestamp="2025-01-18T01:04:58">
  </testsuite>
  <testsuite name="install_system.log" tests="0" errors="0" hostname="XE" id="2" time="0" timestamp="2025-01-18T01:04:58">
  </testsuite>
</testsuites>
