<?xml version="1.0" encoding="UTF-8"?>
<testsuites>
  <testsuite name="ODBCTEST_schema_build" tests="15" failures="0" time="0" timestamp="2025-01-18T01:05:51">
    <testcase name="INDEX:db_object_status" classname="ODBCTEST.COLA_SPATIAL_IDX" time="0"/>
    <testcase name="INDEX:db_object_status" classname="ODBCTEST.SYS_C007607" time="0"/>
    <testcase name="INDEX:db_object_status" classname="ODBCTEST.SYS_IL0000073893C00010$$" time="0"/>
    <testcase name="INDEX:db_object_status" classname="ODBCTEST.SYS_IL0000073893C00011$$" time="0"/>
    <testcase name="INDEX:db_object_status" classname="ODBCTEST.SYS_IL0000073907C00003$$" time="0"/>
    <testcase name="JAVA CLASS:db_object_status" classname="ODBCTEST.DirUtil" time="0"/>
    <testcase name="JAVA SOURCE:db_object_status" classname="ODBCTEST.DirUtil" time="0"/>
    <testcase name="LOB:db_object_status" classname="ODBCTEST.SYS_LOB0000073893C00010$$" time="0"/>
    <testcase name="LOB:db_object_status" classname="ODBCTEST.SYS_LOB0000073893C00011$$" time="0"/>
    <testcase name="LOB:db_object_status" classname="ODBCTEST.SYS_LOB0000073907C00003$$" time="0"/>
    <testcase name="PACKAGE:db_object_status" classname="ODBCTEST.DIR_UTIL" time="0"/>
    <testcase name="PACKAGE BODY:db_object_status" classname="ODBCTEST.DIR_UTIL" time="0"/>
    <testcase name="SEQUENCE:db_object_status" classname="ODBCTEST.MDRS_120B2$" time="0"/>
    <testcase name="TABLE:db_object_status" classname="ODBCTEST.MDRT_120B2$" time="0"/>
    <testcase name="TABLE:db_object_status" classname="ODBCTEST.SDO_COLA_MARKETS" time="0"/>
   </testsuite>
</testsuites>
