<?xml version="1.0" encoding="UTF-8"?>
<testsuites>
  <testsuite name="install_grbtsdo.log" tests="4" errors="0" hostname="XE" id="2" time="5" timestamp="2025-01-18T01:06:54">
    <testcase name="./installation_finalize.sql" assertions="" classname="..sql" status="PASS" time="">
    </testcase>
    <testcase name="./installation_prepare.sql" assertions="26" classname="..sql" status="PASS" time="1">
      <system-out>
=== DBI Started: ./installation_prepare.sql

Create Temp Publicly Updateable Table

Table created.


Grant succeeded.


Synonym created.


Check for Prerequisite BUILD_TYPEs
Prerequisite BUILD_TYPEs for &quot;grbtsdo&quot;
WARNING: Prerequisite BUILD_TYPE &quot;grbendp&quot; not found in ODBCAPTURE_INSTALLATION_LOGS table.
 -) &quot;grbjava&quot; last loaded on 18-Jan-2025 01:04:51
 -) &quot;grbras&quot; last loaded on 18-Jan-2025 01:04:44
 -) &quot;grbsdo&quot; last loaded on 18-Jan-2025 01:04:58
 -) &quot;grbsrc&quot; last loaded on 18-Jan-2025 01:04:32
 -) &quot;grbtst&quot; last loaded on 18-Jan-2025 01:05:34
 -) &quot;grbxrep&quot; last loaded on 18-Jan-2025 01:05:06

PL/SQL procedure successfully completed.

=== DBI Completed at 2025-01-18T01:06:23 for a duration of .51 seconds (started at 2025-01-18T01:06:23)
      </system-out>
    </testcase>
    <testcase name="ODBCTEST/SDO_COLA_MARKETS.cldr" assertions="13" classname="ODBCTEST.cldr" status="PASS" time="3">
      <system-out>
=== DBI Started: ODBCTEST/SDO_COLA_MARKETS.cldr

Disable Triggers and Foreign Keys

PL/SQL procedure successfully completed.


sqlldr_control=ODBCTEST/SDO_COLA_MARKETS.ctl


PL/SQL procedure successfully completed.

=== DBI Completed at 2025-01-18T01:06:28 for a duration of 3.12 seconds (started at 2025-01-18T01:06:25)
      </system-out>
    </testcase>
    <testcase name="ODBCTEST/SDO_COLA_MARKETS.tbl" assertions="8" classname="ODBCTEST.tbl" status="PASS" time="1">
      <system-out>
=== DBI Started: ODBCTEST/SDO_COLA_MARKETS.tbl

Table created.


Table altered.

=== DBI Completed at 2025-01-18T01:06:25 for a duration of 1.33 seconds (started at 2025-01-18T01:06:23)
      </system-out>
    </testcase>
    <testcase name="ODBCTEST/SDO_COLA_MARKETS.tidx" assertions="2" classname="ODBCTEST.tidx" status="PASS" time="0">
      <system-out>
=== DBI Started: ODBCTEST/SDO_COLA_MARKETS.tidx
=== DBI Completed at 2025-01-18T01:06:28 for a duration of .04 seconds (started at 2025-01-18T01:06:28)
      </system-out>
    </testcase>
  </testsuite>
  <testsuite name="install_sys.log" tests="0" errors="0" hostname="XE" id="1" time="0" timestamp="2025-01-18T01:06:54">
  </testsuite>
  <testsuite name="install_system.log" tests="0" errors="0" hostname="XE" id="3" time="0" timestamp="2025-01-18T01:06:54">
  </testsuite>
</testsuites>
