<?xml version="1.0" encoding="UTF-8"?>
<testsuites>
  <testsuite name="install_grbdat.log" tests="7" errors="0" hostname="SE213CDB" id="3" time="4" timestamp="2025-01-18T16:34:32">
    <testcase name="./installation_finalize.sql" assertions="" classname="..sql" status="PASS" time="">
    </testcase>
    <testcase name="./installation_prepare.sql" assertions="15" classname="..sql" status="PASS" time="0">
      <system-out>
=== DBI Started: ./installation_prepare.sql
Create Temp Publicly Updateable Table
Table created.
Grant succeeded.
Synonym created.
Check for Prerequisite BUILD_TYPEs
Prerequisite BUILD_TYPEs for &quot;grbdat&quot;
WARNING: Prerequisite BUILD_TYPE &quot;grbendp&quot; not found in ODBCAPTURE_INSTALLATION_LOGS table.
 -) &quot;grbjava&quot; last loaded on 18-Jan-2025 16:34:20
WARNING: Prerequisite BUILD_TYPE &quot;grbras&quot; not found in ODBCAPTURE_INSTALLATION_LOGS table.
 -) &quot;grbsdo&quot; last loaded on 18-Jan-2025 16:34:24
 -) &quot;grbsrc&quot; last loaded on 18-Jan-2025 16:34:17
 -) &quot;grbxrep&quot; last loaded on 18-Jan-2025 16:34:26
PL/SQL procedure successfully completed.
=== DBI Completed at 2025-01-18T16:34:27 for a duration of .07 seconds (started at 2025-01-18T16:34:27)
      </system-out>
    </testcase>
    <testcase name="ODBCAPTURE/BUILD_CONF.cldr" assertions="6" classname="ODBCAPTURE.cldr" status="PASS" time="0">
      <system-out>
=== DBI Started: ODBCAPTURE/BUILD_CONF.cldr
Disable Triggers and Foreign Keys
PL/SQL procedure successfully completed.
sqlldr_control=ODBCAPTURE/BUILD_CONF.ctl
PL/SQL procedure successfully completed.
=== DBI Completed at 2025-01-18T16:34:27 for a duration of .13 seconds (started at 2025-01-18T16:34:27)
      </system-out>
    </testcase>
    <testcase name="ODBCAPTURE/BUILD_PATH.cldr" assertions="8" classname="ODBCAPTURE.cldr" status="PASS" time="0">
      <system-out>
=== DBI Started: ODBCAPTURE/BUILD_PATH.cldr
Disable Triggers and Foreign Keys
alter table &quot;ODBCAPTURE&quot;.&quot;BUILD_PATH&quot; DISABLE constraint &quot;BUILD_PATH_FK1&quot;;
alter table &quot;ODBCAPTURE&quot;.&quot;BUILD_PATH&quot; DISABLE constraint &quot;BUILD_PATH_FK2&quot;;
PL/SQL procedure successfully completed.
sqlldr_control=ODBCAPTURE/BUILD_PATH.ctl
PL/SQL procedure successfully completed.
=== DBI Completed at 2025-01-18T16:34:27 for a duration of .18 seconds (started at 2025-01-18T16:34:27)
      </system-out>
    </testcase>
    <testcase name="ODBCAPTURE/DLOAD_CONF.cldr" assertions="8" classname="ODBCAPTURE.cldr" status="PASS" time="2">
      <system-out>
=== DBI Started: ODBCAPTURE/DLOAD_CONF.cldr
Disable Triggers and Foreign Keys
alter table &quot;ODBCAPTURE&quot;.&quot;DLOAD_CONF&quot; DISABLE constraint &quot;DLOAD_CONF_FK1&quot;;
alter table &quot;ODBCAPTURE&quot;.&quot;DLOAD_CONF&quot; DISABLE constraint &quot;DLOAD_CONF_FK2&quot;;
PL/SQL procedure successfully completed.
sqlldr_control=ODBCAPTURE/DLOAD_CONF.ctl
PL/SQL procedure successfully completed.
=== DBI Completed at 2025-01-18T16:34:29 for a duration of 1.57 seconds (started at 2025-01-18T16:34:27)
      </system-out>
    </testcase>
    <testcase name="ODBCAPTURE/OBJECT_CONF.cldr" assertions="9" classname="ODBCAPTURE.cldr" status="PASS" time="2">
      <system-out>
=== DBI Started: ODBCAPTURE/OBJECT_CONF.cldr
Disable Triggers and Foreign Keys
alter table &quot;ODBCAPTURE&quot;.&quot;OBJECT_CONF&quot; DISABLE constraint &quot;OBJECT_CONF_FK1&quot;;
alter table &quot;ODBCAPTURE&quot;.&quot;OBJECT_CONF&quot; DISABLE constraint &quot;OBJECT_CONF_FK2&quot;;
alter table &quot;ODBCAPTURE&quot;.&quot;OBJECT_CONF&quot; DISABLE constraint &quot;OBJECT_CONF_FK3&quot;;
PL/SQL procedure successfully completed.
sqlldr_control=ODBCAPTURE/OBJECT_CONF.ctl
PL/SQL procedure successfully completed.
=== DBI Completed at 2025-01-18T16:34:31 for a duration of 1.57 seconds (started at 2025-01-18T16:34:29)
      </system-out>
    </testcase>
    <testcase name="ODBCAPTURE/ROLE_CONF.cldr" assertions="7" classname="ODBCAPTURE.cldr" status="PASS" time="0">
      <system-out>
=== DBI Started: ODBCAPTURE/ROLE_CONF.cldr
Disable Triggers and Foreign Keys
alter table &quot;ODBCAPTURE&quot;.&quot;ROLE_CONF&quot; DISABLE constraint &quot;ROLE_CONF_FK1&quot;;
PL/SQL procedure successfully completed.
sqlldr_control=ODBCAPTURE/ROLE_CONF.ctl
PL/SQL procedure successfully completed.
=== DBI Completed at 2025-01-18T16:34:31 for a duration of .13 seconds (started at 2025-01-18T16:34:31)
      </system-out>
    </testcase>
    <testcase name="ODBCAPTURE/SCHEMA_CONF.cldr" assertions="7" classname="ODBCAPTURE.cldr" status="PASS" time="0">
      <system-out>
=== DBI Started: ODBCAPTURE/SCHEMA_CONF.cldr
Disable Triggers and Foreign Keys
alter table &quot;ODBCAPTURE&quot;.&quot;SCHEMA_CONF&quot; DISABLE constraint &quot;SCHEMA_CONF_FK1&quot;;
PL/SQL procedure successfully completed.
sqlldr_control=ODBCAPTURE/SCHEMA_CONF.ctl
PL/SQL procedure successfully completed.
=== DBI Completed at 2025-01-18T16:34:31 for a duration of .15 seconds (started at 2025-01-18T16:34:31)
      </system-out>
    </testcase>
  </testsuite>
  <testsuite name="install_sys.log" tests="0" errors="0" hostname="SE213CDB" id="1" time="0" timestamp="2025-01-18T16:34:32">
  </testsuite>
  <testsuite name="install_system.log" tests="0" errors="0" hostname="SE213CDB" id="2" time="0" timestamp="2025-01-18T16:34:32">
  </testsuite>
</testsuites>
