<?xml version="1.0" encoding="UTF-8"?>
<testsuites>
  <testsuite name="install_grbsdo.log" tests="6" errors="0" hostname="POD1" id="3" time="4" timestamp="2025-01-07T06:07:07">
    <testcase name="./installation_finalize.sql" assertions="" classname="..sql" status="PASS" time="">
    </testcase>
    <testcase name="./installation_prepare.sql" assertions="20" classname="..sql" status="PASS" time="0">
      <system-out>
=== DBI Started: ./installation_prepare.sql

Create Temp Publicly Updateable Table

Table created.


Grant succeeded.


Synonym created.


Check for Prerequisite BUILD_TYPEs
Prerequisite BUILD_TYPEs for &quot;grbsdo&quot;
 -) &quot;grbsrc&quot; last loaded on 07-Jan-2025 06:06:39

PL/SQL procedure successfully completed.

=== DBI Completed at 2025-01-07T06:06:59 for a duration of .29 seconds (started at 2025-01-07T06:06:58)
      </system-out>
    </testcase>
    <testcase name="ODBCAPTURE/GRAB_SDO.pkbsql" assertions="5" classname="ODBCAPTURE.pkbsql" status="PASS" time="0">
      <system-out>
=== DBI Started: ODBCAPTURE/GRAB_SDO.pkbsql

Package body created.

=== DBI Completed at 2025-01-07T06:07:02 for a duration of .26 seconds (started at 2025-01-07T06:07:02)
      </system-out>
    </testcase>
    <testcase name="ODBCAPTURE/GRAB_SDO.pkssql" assertions="5" classname="ODBCAPTURE.pkssql" status="PASS" time="0">
      <system-out>
=== DBI Started: ODBCAPTURE/GRAB_SDO.pkssql

Package created.

=== DBI Completed at 2025-01-07T06:06:59 for a duration of .16 seconds (started at 2025-01-07T06:06:59)
      </system-out>
    </testcase>
    <testcase name="ODBCAPTURE/ROLE_CONF.cldr" assertions="14" classname="ODBCAPTURE.cldr" status="PASS" time="1">
      <system-out>
=== DBI Started: ODBCAPTURE/ROLE_CONF.cldr

Disable Triggers and Foreign Keys
alter table &quot;ODBCAPTURE&quot;.&quot;ROLE_CONF&quot; DISABLE constraint &quot;ROLE_CONF_FK1&quot;;

PL/SQL procedure successfully completed.


sqlldr_control=ODBCAPTURE/ROLE_CONF.ctl


PL/SQL procedure successfully completed.

=== DBI Completed at 2025-01-07T06:06:59 for a duration of .56 seconds (started at 2025-01-07T06:06:59)
      </system-out>
    </testcase>
    <testcase name="ODBCAPTURE/SCHEMA_CONF.cldr" assertions="14" classname="ODBCAPTURE.cldr" status="PASS" time="1">
      <system-out>
=== DBI Started: ODBCAPTURE/SCHEMA_CONF.cldr

Disable Triggers and Foreign Keys
alter table &quot;ODBCAPTURE&quot;.&quot;SCHEMA_CONF&quot; DISABLE constraint &quot;SCHEMA_CONF_FK1&quot;;

PL/SQL procedure successfully completed.


sqlldr_control=ODBCAPTURE/SCHEMA_CONF.ctl


PL/SQL procedure successfully completed.

=== DBI Completed at 2025-01-07T06:07:00 for a duration of .62 seconds (started at 2025-01-07T06:06:59)
      </system-out>
    </testcase>
    <testcase name="ODBCAPTURE/USER_DEFINED_TYPE_CONF.cldr" assertions="13" classname="ODBCAPTURE.cldr" status="PASS" time="2">
      <system-out>
=== DBI Started: ODBCAPTURE/USER_DEFINED_TYPE_CONF.cldr

Disable Triggers and Foreign Keys

PL/SQL procedure successfully completed.


sqlldr_control=ODBCAPTURE/USER_DEFINED_TYPE_CONF.ctl


PL/SQL procedure successfully completed.

=== DBI Completed at 2025-01-07T06:07:02 for a duration of 2.13 seconds (started at 2025-01-07T06:07:00)
      </system-out>
    </testcase>
  </testsuite>
  <testsuite name="install_sys.log" tests="0" errors="0" hostname="POD1" id="1" time="0" timestamp="2025-01-07T06:07:07">
  </testsuite>
  <testsuite name="install_system.log" tests="0" errors="0" hostname="POD1" id="2" time="0" timestamp="2025-01-07T06:07:07">
  </testsuite>
</testsuites>
