<?xml version="1.0" encoding="UTF-8"?>
<testsuites>
  <testsuite name="install_grbras.log" tests="5" errors="0" hostname="EE193CDB" id="3" time="0" timestamp="2025-01-18T15:12:39">
    <testcase name="./installation_finalize.sql" assertions="" classname="..sql" status="PASS" time="">
    </testcase>
    <testcase name="./installation_prepare.sql" assertions="10" classname="..sql" status="PASS" time="0">
      <system-out>
=== DBI Started: ./installation_prepare.sql
Create Temp Publicly Updateable Table
Table created.
Grant succeeded.
Synonym created.
Check for Prerequisite BUILD_TYPEs
Prerequisite BUILD_TYPEs for &quot;grbras&quot;
 -) &quot;grbsrc&quot; last loaded on 18-Jan-2025 15:12:33
PL/SQL procedure successfully completed.
=== DBI Completed at 2025-01-18T15:12:36 for a duration of .14 seconds (started at 2025-01-18T15:12:36)
      </system-out>
    </testcase>
    <testcase name="ODBCAPTURE/EXPORTING_RAS_DATA.tbl" assertions="8" classname="ODBCAPTURE.tbl" status="PASS" time="0">
      <system-out>
=== DBI Started: ODBCAPTURE/EXPORTING_RAS_DATA.tbl
Table created.
Comment created.
Comment created.
Comment created.
Comment created.
Comment created.
=== DBI Completed at 2025-01-18T15:12:36 for a duration of .1 seconds (started at 2025-01-18T15:12:36)
      </system-out>
    </testcase>
    <testcase name="ODBCAPTURE/GRAB_RAS.pkbsql" assertions="3" classname="ODBCAPTURE.pkbsql" status="PASS" time="0">
      <system-out>
=== DBI Started: ODBCAPTURE/GRAB_RAS.pkbsql
Package body created.
=== DBI Completed at 2025-01-18T15:12:37 for a duration of .19 seconds (started at 2025-01-18T15:12:37)
      </system-out>
    </testcase>
    <testcase name="ODBCAPTURE/GRAB_RAS.pkssql" assertions="3" classname="ODBCAPTURE.pkssql" status="PASS" time="0">
      <system-out>
=== DBI Started: ODBCAPTURE/GRAB_RAS.pkssql
Package created.
=== DBI Completed at 2025-01-18T15:12:36 for a duration of .06 seconds (started at 2025-01-18T15:12:36)
      </system-out>
    </testcase>
    <testcase name="ODBCAPTURE/PRIV_OBJ_RACL_VIEW.vw" assertions="4" classname="ODBCAPTURE.vw" status="PASS" time="0">
      <system-out>
=== DBI Started: ODBCAPTURE/PRIV_OBJ_RACL_VIEW.vw
View created.
View created.
=== DBI Completed at 2025-01-18T15:12:37 for a duration of .12 seconds (started at 2025-01-18T15:12:37)
      </system-out>
    </testcase>
    <system-out>
(ODBCAPTURE/EXPORTING_RAS_DATA.tbl) Compile All started
(ODBCAPTURE/EXPORTING_RAS_DATA.tbl) PL/SQL procedure successfully completed.
(ODBCAPTURE/EXPORTING_RAS_DATA.tbl) Compile All is done.
    </system-out>
  </testsuite>
  <testsuite name="install_sys.log" tests="1" errors="0" hostname="EE193CDB" id="1" time="0" timestamp="2025-01-18T15:12:39">
    <testcase name="SYS/ODBCAPTURE_usr.sgrnt" assertions="8" classname="SYS.sgrnt" status="PASS" time="0">
      <system-out>
=== DBI Started: SYS/ODBCAPTURE_usr.sgrnt
Grant succeeded.
Grant succeeded.
Grant succeeded.
Grant succeeded.
Grant succeeded.
Grant succeeded.
=== DBI Completed at 2025-01-18T15:12:36 for a duration of .2 seconds (started at 2025-01-18T15:12:35)
      </system-out>
    </testcase>
  </testsuite>
  <testsuite name="install_system.log" tests="0" errors="0" hostname="EE193CDB" id="2" time="0" timestamp="2025-01-18T15:12:39">
  </testsuite>
</testsuites>
