<?xml version="1.0" encoding="UTF-8"?>
<testsuites>
  <testsuite name="install_grbtjva.log" tests="4" errors="0" hostname="XE" id="3" time="1" timestamp="2024-08-07T20:59:56">
    <testcase name="./installation_finalize.sql" assertions="" classname="..sql" status="PASS" time="">
    </testcase>
    <testcase name="./installation_prepare.sql" assertions="19" classname="..sql" status="PASS" time="0">
      <system-out>
=== DBI Started: ./installation_prepare.sql

Create Temp Publicly Updateable Table

Table created.


Grant succeeded.


Synonym created.


Check for Prerequisite BUILD_TYPEs
WARNING: Prerequisite BUILD_TYPE &quot;grbendp&quot; not found in ODBCAPTURE_INSTALLATION_LOGS table.

PL/SQL procedure successfully completed.

=== DBI Completed at 2024-08-07T20:59:43 for a duration of .14 seconds (started at 2024-08-07T20:59:43)
      </system-out>
    </testcase>
    <testcase name="ODBCTEST/DIR_UTIL.pkbsql" assertions="5" classname="ODBCTEST.pkbsql" status="PASS" time="0">
      <system-out>
=== DBI Started: ODBCTEST/DIR_UTIL.pkbsql

Package body created.

=== DBI Completed at 2024-08-07T20:59:44 for a duration of .05 seconds (started at 2024-08-07T20:59:44)
      </system-out>
    </testcase>
    <testcase name="ODBCTEST/DIR_UTIL.pkssql" assertions="5" classname="ODBCTEST.pkssql" status="PASS" time="0">
      <system-out>
=== DBI Started: ODBCTEST/DIR_UTIL.pkssql

Package created.

=== DBI Completed at 2024-08-07T20:59:43 for a duration of .03 seconds (started at 2024-08-07T20:59:43)
      </system-out>
    </testcase>
    <testcase name="ODBCTEST/DirUtil.pjv" assertions="5" classname="ODBCTEST.pjv" status="PASS" time="1">
      <system-out>
=== DBI Started: ODBCTEST/DirUtil.pjv

Java created.

=== DBI Completed at 2024-08-07T20:59:44 for a duration of .81 seconds (started at 2024-08-07T20:59:43)
      </system-out>
    </testcase>
  </testsuite>
  <testsuite name="install_sys.log" tests="1" errors="0" hostname="XE" id="1" time="9" timestamp="2024-08-07T20:59:56">
    <testcase name="SYS/ODBCTEST_usr.sgrnt" assertions="11" classname="SYS.sgrnt" status="PASS" time="9">
      <system-out>
=== DBI Started: SYS/ODBCTEST_usr.sgrnt

PL/SQL procedure successfully completed.


PL/SQL procedure successfully completed.


PL/SQL procedure successfully completed.

=== DBI Completed at 2024-08-07T20:59:42 for a duration of 9.11 seconds (started at 2024-08-07T20:59:33)
      </system-out>
    </testcase>
  </testsuite>
  <testsuite name="install_system.log" tests="1" errors="0" hostname="XE" id="2" time="0" timestamp="2024-08-07T20:59:56">
    <testcase name="SYSTEM/ODBCTEST_usr.grnt" assertions="5" classname="SYSTEM.grnt" status="PASS" time="0">
      <system-out>
=== DBI Started: SYSTEM/ODBCTEST_usr.grnt

Grant succeeded.

=== DBI Completed at 2024-08-07T20:59:43 for a duration of .13 seconds (started at 2024-08-07T20:59:42)
      </system-out>
    </testcase>
  </testsuite>
</testsuites>
